Using pre-set license
Built from '2020.3/staging' branch; Version is '2020.3.20f1 (41c4e627c95f) revision 4310246'; Using compiler version '192528614'; Build Type 'Release'
OS: 'Windows 10 Pro; OS build 19042.928; Version 2009; 64bit' Language: 'ru' Physical Memory: 6030 MB
BatchMode: 1, IsHumanControllingUs: 0, StartBugReporterOnCrash: 0, Is64bit: 1, IsPro: 0

COMMAND LINE ARGUMENTS:
C:\Program Files\Unity 2020.3.20f1\Editor\Unity.exe
-adb2
-batchMode
-noUpm
-name
AssetImportWorker0
-projectPath
C:/Users/user/Documents/unity/NotYet/horror-game
-logFile
Logs/AssetImportWorker0.log
-srvPort
50298
Successfully changed project path to: C:/Users/user/Documents/unity/NotYet/horror-game
C:/Users/user/Documents/unity/NotYet/horror-game
Using Asset Import Pipeline V2.
Refreshing native plugins compatible for Editor in 88.13 ms, found 2 plugins.
Preloading 0 native plugins for Editor in 0.00 ms.
Initialize engine version: 2020.3.20f1 (41c4e627c95f)
[Subsystems] Discovering subsystems at path C:/Program Files/Unity 2020.3.20f1/Editor/Data/Resources/UnitySubsystems
[Subsystems] Discovering subsystems at path C:/Users/user/Documents/unity/NotYet/horror-game/Assets
GfxDevice: creating device client; threaded=0
Direct3D:
    Version:  Direct3D 11.0 [level 11.0]
    Renderer: NVIDIA GeForce GTX 950M (ID=0x139a)
    Vendor:   
    VRAM:     2007 MB
    Driver:   27.21.14.6647
Shader 'Custom/RainShader': fallback shader 'Particles/Alpha Blended' not found
Initialize mono
Mono path[0] = 'C:/Program Files/Unity 2020.3.20f1/Editor/Data/Managed'
Mono path[1] = 'C:/Program Files/Unity 2020.3.20f1/Editor/Data/MonoBleedingEdge/lib/mono/unityjit'
Mono config path = 'C:/Program Files/Unity 2020.3.20f1/Editor/Data/MonoBleedingEdge/etc'
Using monoOptions --debugger-agent=transport=dt_socket,embedding=1,server=y,suspend=n,address=127.0.0.1:56128
Begin MonoManager ReloadAssembly
Registering precompiled unity dll's ...
Register platform support module: C:/Program Files/Unity 2020.3.20f1/Editor/Data/PlaybackEngines/WindowsStandaloneSupport/UnityEditor.WindowsStandalone.Extensions.dll
Registered in 0.001274 seconds.
Native extension for WindowsStandalone target not found
Refreshing native plugins compatible for Editor in 94.08 ms, found 2 plugins.
Preloading 0 native plugins for Editor in 0.00 ms.
Mono: successfully reloaded assembly
- Completed reload, in  1.342 seconds
Domain Reload Profiling:
	ReloadAssembly (1343ms)
		BeginReloadAssembly (64ms)
			ExecutionOrderSort (0ms)
			DisableScriptedObjects (0ms)
			BackupInstance (0ms)
			ReleaseScriptingObjects (0ms)
			CreateAndSetChildDomain (1ms)
		EndReloadAssembly (611ms)
			LoadAssemblies (62ms)
			RebuildTransferFunctionScriptingTraits (0ms)
			SetupTypeCache (214ms)
			ReleaseScriptCaches (0ms)
			RebuildScriptCaches (43ms)
			SetupLoadedEditorAssemblies (262ms)
				LogAssemblyErrors (0ms)
				InitializePlatformSupportModulesInManaged (7ms)
				SetLoadedEditorAssemblies (0ms)
				RefreshPlugins (94ms)
				BeforeProcessingInitializeOnLoad (11ms)
				ProcessInitializeOnLoadAttributes (112ms)
				ProcessInitializeOnLoadMethodAttributes (38ms)
				AfterProcessingInitializeOnLoad (0ms)
				EditorAssembliesLoaded (0ms)
			ExecutionOrderSort2 (0ms)
			AwakeInstancesAfterBackupRestoration (0ms)
Platform modules already initialized, skipping
Registering precompiled user dll's ...
Registered in 0.003428 seconds.
Begin MonoManager ReloadAssembly
Native extension for WindowsStandalone target not found
Refreshing native plugins compatible for Editor in 94.94 ms, found 2 plugins.
Preloading 0 native plugins for Editor in 0.00 ms.
Mono: successfully reloaded assembly
- Completed reload, in  1.742 seconds
Domain Reload Profiling:
	ReloadAssembly (1743ms)
		BeginReloadAssembly (188ms)
			ExecutionOrderSort (0ms)
			DisableScriptedObjects (6ms)
			BackupInstance (0ms)
			ReleaseScriptingObjects (0ms)
			CreateAndSetChildDomain (27ms)
		EndReloadAssembly (1477ms)
			LoadAssemblies (108ms)
			RebuildTransferFunctionScriptingTraits (0ms)
			SetupTypeCache (511ms)
			ReleaseScriptCaches (1ms)
			RebuildScriptCaches (94ms)
			SetupLoadedEditorAssemblies (593ms)
				LogAssemblyErrors (0ms)
				InitializePlatformSupportModulesInManaged (5ms)
				SetLoadedEditorAssemblies (0ms)
				RefreshPlugins (95ms)
				BeforeProcessingInitializeOnLoad (82ms)
				ProcessInitializeOnLoadAttributes (396ms)
				ProcessInitializeOnLoadMethodAttributes (10ms)
				AfterProcessingInitializeOnLoad (5ms)
				EditorAssembliesLoaded (0ms)
			ExecutionOrderSort2 (0ms)
			AwakeInstancesAfterBackupRestoration (7ms)
Platform modules already initialized, skipping
========================================================================
Worker process is ready to serve import requests
Shader 'Custom/RainShader': fallback shader 'Particles/Alpha Blended' not found
Launched and connected shader compiler UnityShaderCompiler.exe after 0.12 seconds
Refreshing native plugins compatible for Editor in 1.50 ms, found 2 plugins.
Preloading 0 native plugins for Editor in 0.00 ms.
Unloading 2832 Unused Serialized files (Serialized files now loaded: 0)
System memory in use before: 201.8 MB.
System memory in use after: 202.0 MB.

Unloading 19 unused Assets to reduce memory usage. Loaded Objects now: 3276.
Total: 4.664900 ms (FindLiveObjects: 0.362700 ms CreateObjectMapping: 0.173800 ms MarkObjects: 4.021000 ms  DeleteObjects: 0.105700 ms)

AssetImportParameters requested are different than current active one (requested -> active):
  custom:framework-win-MediaFoundation: 216162199b28c13a410421893ffa2e32 -> 
  custom:video-decoder-ogg-theora: a1e56fd34408186e4bbccfd4996cb3dc -> 
  custom:container-muxer-webm: aa71ff27fc2769a1b78a27578f13a17b -> 
  custom:container-demuxer-webm: 4f35f7cbe854078d1ac9338744f61a02 -> 
  custom:container-demuxer-ogg: 62fdf1f143b41e24485cea50d1cbac27 -> 
  custom:video-encoder-webm-vp8: eb34c28f22e8b96e1ab97ce403110664 -> 
  custom:video-decoder-webm-vp8: 9c59270c3fd7afecdb556c50c9e8de78 -> 
  custom:audio-decoder-ogg-vorbis: bf7c407c2cedff20999df2af8eb42d56 -> 
  custom:audio-encoder-webm-vorbis: bf7c407c2cedff20999df2af8eb42d56 -> 
========================================================================
Received Import Request.
  path: Assets/Textures/Original Wood Textures/Wood Texture 08/Wood Texture 08.mat
  artifactKey: Guid(e717b0cd41e24164aa3c9f75ec9282be) Importer(815301076,1909f56bfc062723c751e8b465ee728b)
Start importing Assets/Textures/Original Wood Textures/Wood Texture 08/Wood Texture 08.mat using Guid(e717b0cd41e24164aa3c9f75ec9282be) Importer(815301076,1909f56bfc062723c751e8b465ee728b)  -> (artifact id: 'a74ef71bc123e654942edd298a0b68c0') in 0.609235 seconds 
  Import took 0.646662 seconds .

========================================================================
Received Import Request.
  Time since last request: 6.938100 seconds.
  path: Assets/Textures/Original Wood Textures/Wood Texture 13
  artifactKey: Guid(04bc78100b170a94a9b200e2cfcd0eca) Importer(815301076,1909f56bfc062723c751e8b465ee728b)
Start importing Assets/Textures/Original Wood Textures/Wood Texture 13 using Guid(04bc78100b170a94a9b200e2cfcd0eca) Importer(815301076,1909f56bfc062723c751e8b465ee728b)  -> (artifact id: '0cf189b51947985fc9b45537c39b2cea') in 0.002042 seconds 
  Import took 0.054694 seconds .

========================================================================
Received Import Request.
  Time since last request: 0.082462 seconds.
  path: Assets/Textures/Original Wood Textures/Wood Texture 13/Wood Texture 13 diffuse.tga
  artifactKey: Guid(2cd12808fbe89ff4f83dec5f3ea4abf9) Importer(815301076,1909f56bfc062723c751e8b465ee728b)
Start importing Assets/Textures/Original Wood Textures/Wood Texture 13/Wood Texture 13 diffuse.tga using Guid(2cd12808fbe89ff4f83dec5f3ea4abf9) Importer(815301076,1909f56bfc062723c751e8b465ee728b)  -> (artifact id: '93596e62eea95cd99ba3cff3b2d290d2') in 0.134712 seconds 
  Import took 0.148026 seconds .

========================================================================
Received Import Request.
  Time since last request: 0.000415 seconds.
  path: Assets/Textures/Original Wood Textures/Wood Texture 13/Wood Texture 13 normal.tga
  artifactKey: Guid(771d8a58ca9c77b47a5729697f97a50a) Importer(815301076,1909f56bfc062723c751e8b465ee728b)
Start importing Assets/Textures/Original Wood Textures/Wood Texture 13/Wood Texture 13 normal.tga using Guid(771d8a58ca9c77b47a5729697f97a50a) Importer(815301076,1909f56bfc062723c751e8b465ee728b)  -> (artifact id: '8a78b0e0eddbe8740508acd01e5ce55b') in 0.055289 seconds 
  Import took 0.097360 seconds .

========================================================================
Received Import Request.
  Time since last request: 0.000355 seconds.
  path: Assets/Textures/Original Wood Textures/Wood Texture 13/Wood Texture 13.mat
  artifactKey: Guid(1cedce7db56d8a24bacbf04e764ad74a) Importer(815301076,1909f56bfc062723c751e8b465ee728b)
Start importing Assets/Textures/Original Wood Textures/Wood Texture 13/Wood Texture 13.mat using Guid(1cedce7db56d8a24bacbf04e764ad74a) Importer(815301076,1909f56bfc062723c751e8b465ee728b)  -> (artifact id: '1a96bef37f53548fd1b1241e103d8de3') in 0.045735 seconds 
  Import took 0.071218 seconds .

========================================================================
Received Import Request.
  Time since last request: 1.626967 seconds.
  path: Assets/Textures/Original Wood Textures/Wood Texture 14
  artifactKey: Guid(036342d908c725b4fa31fcac78338fbf) Importer(815301076,1909f56bfc062723c751e8b465ee728b)
Start importing Assets/Textures/Original Wood Textures/Wood Texture 14 using Guid(036342d908c725b4fa31fcac78338fbf) Importer(815301076,1909f56bfc062723c751e8b465ee728b)  -> (artifact id: '9f1c65d782ab52df8586cb3ef5962b57') in 0.001667 seconds 
  Import took 0.014407 seconds .

========================================================================
Received Import Request.
  Time since last request: 0.226253 seconds.
  path: Assets/Textures/Original Wood Textures/Wood Texture 14/Wood Texture 14 diffuse.tga
  artifactKey: Guid(2bf4b388233b3534bb15f8a3478bc46f) Importer(815301076,1909f56bfc062723c751e8b465ee728b)
Start importing Assets/Textures/Original Wood Textures/Wood Texture 14/Wood Texture 14 diffuse.tga using Guid(2bf4b388233b3534bb15f8a3478bc46f) Importer(815301076,1909f56bfc062723c751e8b465ee728b)  -> (artifact id: '3a82c775d8b8087b99539439cd672e11') in 0.046944 seconds 
  Import took 0.066755 seconds .

========================================================================
Received Import Request.
  Time since last request: 0.000224 seconds.
  path: Assets/Textures/Original Wood Textures/Wood Texture 14/Wood Texture 14 normal.tga
  artifactKey: Guid(7e0d5aa6aab8f444a99dc28f0a08956b) Importer(815301076,1909f56bfc062723c751e8b465ee728b)
Start importing Assets/Textures/Original Wood Textures/Wood Texture 14/Wood Texture 14 normal.tga using Guid(7e0d5aa6aab8f444a99dc28f0a08956b) Importer(815301076,1909f56bfc062723c751e8b465ee728b)  -> (artifact id: '0a0426dba391501fa2ac4ec9fb66a18e') in 0.061144 seconds 
  Import took 0.093443 seconds .

========================================================================
Received Import Request.
  Time since last request: 0.000370 seconds.
  path: Assets/Textures/Original Wood Textures/Wood Texture 14/Wood Texture 14.mat
  artifactKey: Guid(f03a6306859a0e2479fb8cc6d0553baf) Importer(815301076,1909f56bfc062723c751e8b465ee728b)
Start importing Assets/Textures/Original Wood Textures/Wood Texture 14/Wood Texture 14.mat using Guid(f03a6306859a0e2479fb8cc6d0553baf) Importer(815301076,1909f56bfc062723c751e8b465ee728b)  -> (artifact id: '5ccef1871aae9bb9641168c9c39fa9b8') in 0.023894 seconds 
  Import took 0.062852 seconds .

========================================================================
Received Import Request.
  Time since last request: 1.421113 seconds.
  path: Assets/Textures/Original Wood Textures/Wood Texture 15
  artifactKey: Guid(06d609cae28648c498acf6d2254495d2) Importer(815301076,1909f56bfc062723c751e8b465ee728b)
Start importing Assets/Textures/Original Wood Textures/Wood Texture 15 using Guid(06d609cae28648c498acf6d2254495d2) Importer(815301076,1909f56bfc062723c751e8b465ee728b)  -> (artifact id: '3ec1b1c2aa5b98dfc1000d4c3f448ea3') in 0.003939 seconds 
  Import took 0.076216 seconds .

========================================================================
Received Import Request.
  Time since last request: 0.001455 seconds.
  path: Assets/Textures/Original Wood Textures/Wood Texture 15/Wood Texture 15 diffuse.tga
  artifactKey: Guid(0384528ab5ea09b469ef1f5fc0b37744) Importer(815301076,1909f56bfc062723c751e8b465ee728b)
Start importing Assets/Textures/Original Wood Textures/Wood Texture 15/Wood Texture 15 diffuse.tga using Guid(0384528ab5ea09b469ef1f5fc0b37744) Importer(815301076,1909f56bfc062723c751e8b465ee728b)  -> (artifact id: 'e300d8b7b74157d4f5c9ad89a32fec57') in 0.018576 seconds 
  Import took 0.048931 seconds .

========================================================================
Received Import Request.
  Time since last request: 0.000265 seconds.
  path: Assets/Textures/Original Wood Textures/Wood Texture 15/Wood Texture 15.mat
  artifactKey: Guid(d64e6cad4dbba3049895ced83800f404) Importer(815301076,1909f56bfc062723c751e8b465ee728b)
Start importing Assets/Textures/Original Wood Textures/Wood Texture 15/Wood Texture 15.mat using Guid(d64e6cad4dbba3049895ced83800f404) Importer(815301076,1909f56bfc062723c751e8b465ee728b)  -> (artifact id: '34f26e84fb6c6e4ca6338a61db5edac3') in 0.068459 seconds 
  Import took 0.088696 seconds .

========================================================================
Received Import Request.
  Time since last request: 0.000490 seconds.
  path: Assets/Textures/Original Wood Textures/Wood Texture 15/Wood Texture 15 normal.tga
  artifactKey: Guid(f9d084406c1055f49b3430a9cf909f3d) Importer(815301076,1909f56bfc062723c751e8b465ee728b)
Start importing Assets/Textures/Original Wood Textures/Wood Texture 15/Wood Texture 15 normal.tga using Guid(f9d084406c1055f49b3430a9cf909f3d) Importer(815301076,1909f56bfc062723c751e8b465ee728b)  -> (artifact id: '6c2c53a11b1e0912efc9d0fab4d6ce57') in 0.010532 seconds 
  Import took 0.063055 seconds .

========================================================================
Received Prepare
Registering precompiled user dll's ...
Registered in 0.002308 seconds.
Begin MonoManager ReloadAssembly
Native extension for WindowsStandalone target not found
Refreshing native plugins compatible for Editor in 0.87 ms, found 2 plugins.
Preloading 0 native plugins for Editor in 0.00 ms.
Mono: successfully reloaded assembly
- Completed reload, in  1.710 seconds
Domain Reload Profiling:
	ReloadAssembly (1710ms)
		BeginReloadAssembly (159ms)
			ExecutionOrderSort (0ms)
			DisableScriptedObjects (5ms)
			BackupInstance (0ms)
			ReleaseScriptingObjects (0ms)
			CreateAndSetChildDomain (43ms)
		EndReloadAssembly (1476ms)
			LoadAssemblies (104ms)
			RebuildTransferFunctionScriptingTraits (0ms)
			SetupTypeCache (476ms)
			ReleaseScriptCaches (1ms)
			RebuildScriptCaches (85ms)
			SetupLoadedEditorAssemblies (580ms)
				LogAssemblyErrors (0ms)
				InitializePlatformSupportModulesInManaged (5ms)
				SetLoadedEditorAssemblies (1ms)
				RefreshPlugins (1ms)
				BeforeProcessingInitializeOnLoad (92ms)
				ProcessInitializeOnLoadAttributes (457ms)
				ProcessInitializeOnLoadMethodAttributes (16ms)
				AfterProcessingInitializeOnLoad (6ms)
				EditorAssembliesLoaded (0ms)
			ExecutionOrderSort2 (0ms)
			AwakeInstancesAfterBackupRestoration (10ms)
Platform modules already initialized, skipping
Shader 'Custom/RainShader': fallback shader 'Particles/Alpha Blended' not found
Refreshing native plugins compatible for Editor in 1.05 ms, found 2 plugins.
Preloading 0 native plugins for Editor in 0.00 ms.
Unloading 2732 Unused Serialized files (Serialized files now loaded: 0)
System memory in use before: 195.8 MB.
System memory in use after: 196.0 MB.

Unloading 12 unused Assets to reduce memory usage. Loaded Objects now: 3321.
Total: 3.697100 ms (FindLiveObjects: 0.311500 ms CreateObjectMapping: 0.201200 ms MarkObjects: 3.163600 ms  DeleteObjects: 0.019300 ms)

AssetImportParameters requested are different than current active one (requested -> active):
  custom:framework-win-MediaFoundation: 216162199b28c13a410421893ffa2e32 -> 
  custom:video-decoder-ogg-theora: a1e56fd34408186e4bbccfd4996cb3dc -> 
  custom:container-muxer-webm: aa71ff27fc2769a1b78a27578f13a17b -> 
  custom:container-demuxer-webm: 4f35f7cbe854078d1ac9338744f61a02 -> 
  custom:container-demuxer-ogg: 62fdf1f143b41e24485cea50d1cbac27 -> 
  custom:video-encoder-webm-vp8: eb34c28f22e8b96e1ab97ce403110664 -> 
  custom:video-decoder-webm-vp8: 9c59270c3fd7afecdb556c50c9e8de78 -> 
  custom:audio-decoder-ogg-vorbis: bf7c407c2cedff20999df2af8eb42d56 -> 
  custom:audio-encoder-webm-vorbis: bf7c407c2cedff20999df2af8eb42d56 -> 
========================================================================
Received Import Request.
  Time since last request: 1311.036611 seconds.
  path: Assets/Materials/New Material.mat
  artifactKey: Guid(594894c92ef8e264da9cb06f7e0efad9) Importer(815301076,1909f56bfc062723c751e8b465ee728b)
Start importing Assets/Materials/New Material.mat using Guid(594894c92ef8e264da9cb06f7e0efad9) Importer(815301076,1909f56bfc062723c751e8b465ee728b)  -> (artifact id: '22c5154fe4e0c7f546e911bed4e0e454') in 0.154165 seconds 
  Import took 0.198353 seconds .

========================================================================
Received Import Request.
  Time since last request: 964.985287 seconds.
  path: Assets/Models/Latifa V2 3D - Anime Style
  artifactKey: Guid(c54203f0efb6b834ebefbe4fcd4e1ae5) Importer(815301076,1909f56bfc062723c751e8b465ee728b)
Start importing Assets/Models/Latifa V2 3D - Anime Style using Guid(c54203f0efb6b834ebefbe4fcd4e1ae5) Importer(815301076,1909f56bfc062723c751e8b465ee728b)  -> (artifact id: '58471ec5ea4f10800c4ef3a8a2c8fcdb') in 0.003151 seconds 
  Import took 0.033296 seconds .

========================================================================
Received Import Request.
  Time since last request: 0.396168 seconds.
  path: Assets/Models/MagicMirror
  artifactKey: Guid(a931696444e9f08478161249ec3702de) Importer(815301076,1909f56bfc062723c751e8b465ee728b)
Start importing Assets/Models/MagicMirror using Guid(a931696444e9f08478161249ec3702de) Importer(815301076,1909f56bfc062723c751e8b465ee728b)  -> (artifact id: '8969a245ba6d1bf17f163a3c311b852e') in 0.001858 seconds 
  Import took 0.039562 seconds .

========================================================================
Received Import Request.
  Time since last request: 0.591632 seconds.
  path: Assets/Models/Megumi_HighSchoolStudent
  artifactKey: Guid(7f303a17e99f7ed4091e5bcfff3f73e5) Importer(815301076,1909f56bfc062723c751e8b465ee728b)
Start importing Assets/Models/Megumi_HighSchoolStudent using Guid(7f303a17e99f7ed4091e5bcfff3f73e5) Importer(815301076,1909f56bfc062723c751e8b465ee728b)  -> (artifact id: 'f2cc084276e9cf23910c5587bbf46464') in 0.019133 seconds 
  Import took 0.059076 seconds .

========================================================================
Received Import Request.
  Time since last request: 0.458509 seconds.
  path: Assets/Models/office-lamps-bobov-game
  artifactKey: Guid(be994119a64c8fa40bdcf8df3d061dce) Importer(815301076,1909f56bfc062723c751e8b465ee728b)
Start importing Assets/Models/office-lamps-bobov-game using Guid(be994119a64c8fa40bdcf8df3d061dce) Importer(815301076,1909f56bfc062723c751e8b465ee728b)  -> (artifact id: '5976770f71007e48e4a3873bb8013218') in 0.001794 seconds 
  Import took 0.036773 seconds .

========================================================================
Received Import Request.
  Time since last request: 0.932545 seconds.
  path: Assets/Models/POLYGON city pack
  artifactKey: Guid(17f7f94f6dc056044a5e94996cbf3673) Importer(815301076,1909f56bfc062723c751e8b465ee728b)
Start importing Assets/Models/POLYGON city pack using Guid(17f7f94f6dc056044a5e94996cbf3673) Importer(815301076,1909f56bfc062723c751e8b465ee728b)  -> (artifact id: '6bd427be33600a1bdcc4e1dc7273fe05') in 0.001717 seconds 
  Import took 0.026863 seconds .

========================================================================
Received Import Request.
  Time since last request: 3.185237 seconds.
  path: Assets/Models/RainMaker
  artifactKey: Guid(552fd2ebd24f64a479fd10364cd7e6a0) Importer(815301076,1909f56bfc062723c751e8b465ee728b)
Start importing Assets/Models/RainMaker using Guid(552fd2ebd24f64a479fd10364cd7e6a0) Importer(815301076,1909f56bfc062723c751e8b465ee728b)  -> (artifact id: 'f246b78a0c44a16a4d074d80ceb8bb86') in 0.011264 seconds 
  Import took 0.032995 seconds .

========================================================================
Received Import Request.
  Time since last request: 1.739456 seconds.
  path: Assets/Models/school
  artifactKey: Guid(285fa59f05507c24f90e66ff51f49528) Importer(815301076,1909f56bfc062723c751e8b465ee728b)
Start importing Assets/Models/school using Guid(285fa59f05507c24f90e66ff51f49528) Importer(815301076,1909f56bfc062723c751e8b465ee728b)  -> (artifact id: 'c2b892332882225fd96c9de4922c36ca') in 0.001801 seconds 
  Import took 0.025674 seconds .

========================================================================
Received Import Request.
  Time since last request: 3.314469 seconds.
  path: Assets/Models/school/Prefabs
  artifactKey: Guid(9074304b8a19c6748a559b50b1428855) Importer(815301076,1909f56bfc062723c751e8b465ee728b)
Start importing Assets/Models/school/Prefabs using Guid(9074304b8a19c6748a559b50b1428855) Importer(815301076,1909f56bfc062723c751e8b465ee728b)  -> (artifact id: '3aab91a10078e54c80f36de97a3d4df6') in 0.002855 seconds 
  Import took 0.076191 seconds .

========================================================================
Received Import Request.
  Time since last request: 1.039283 seconds.
  path: Assets/Models/school/Prefabs/props
  artifactKey: Guid(c084cb9a2841b844ebc3f36760cb622d) Importer(815301076,1909f56bfc062723c751e8b465ee728b)
Start importing Assets/Models/school/Prefabs/props using Guid(c084cb9a2841b844ebc3f36760cb622d) Importer(815301076,1909f56bfc062723c751e8b465ee728b)  -> (artifact id: '4f732676b3b14e5ba32c4a0ce37b6f5c') in 0.059196 seconds 
  Import took 0.080446 seconds .

========================================================================
Received Import Request.
  Time since last request: 0.000322 seconds.
  path: Assets/Models/school/Prefabs/props/a door1.prefab
  artifactKey: Guid(54fc4a62ccb7e304f910c5444e778f6b) Importer(815301076,1909f56bfc062723c751e8b465ee728b)
Start importing Assets/Models/school/Prefabs/props/a door1.prefab using Guid(54fc4a62ccb7e304f910c5444e778f6b) Importer(815301076,1909f56bfc062723c751e8b465ee728b)  -> (artifact id: '9021f41d4f5a0dc70392c8723b5fccfa') in 0.374175 seconds 
  Import took 0.418901 seconds .

========================================================================
Received Import Request.
  Time since last request: 0.000833 seconds.
  path: Assets/Models/school/Prefabs/props/book3.prefab
  artifactKey: Guid(0c6751314cb92ff49980ac423b66ecfa) Importer(815301076,1909f56bfc062723c751e8b465ee728b)
Start importing Assets/Models/school/Prefabs/props/book3.prefab using Guid(0c6751314cb92ff49980ac423b66ecfa) Importer(815301076,1909f56bfc062723c751e8b465ee728b)  -> (artifact id: 'a03dcde6efb0c4de99e36dc4a1b6f987') in 0.077584 seconds 
  Import took 0.127178 seconds .

========================================================================
Received Import Request.
  Time since last request: 0.000615 seconds.
  path: Assets/Models/school/Prefabs/props/board.prefab
  artifactKey: Guid(adb1204842363d949b4b739100f86523) Importer(815301076,1909f56bfc062723c751e8b465ee728b)
Start importing Assets/Models/school/Prefabs/props/board.prefab using Guid(adb1204842363d949b4b739100f86523) Importer(815301076,1909f56bfc062723c751e8b465ee728b)  -> (artifact id: '67c5ce623c9dc30630b423aef8fd04af') in 0.065226 seconds 
  Import took 0.107465 seconds .

========================================================================
Received Import Request.
  Time since last request: 0.000536 seconds.
  path: Assets/Models/school/Prefabs/props/book11.prefab
  artifactKey: Guid(26790024c0a59a4459d89f66a856faa2) Importer(815301076,1909f56bfc062723c751e8b465ee728b)
Start importing Assets/Models/school/Prefabs/props/book11.prefab using Guid(26790024c0a59a4459d89f66a856faa2) Importer(815301076,1909f56bfc062723c751e8b465ee728b)  -> (artifact id: '32617c33061a6e9fe51cced64081e4f4') in 0.090021 seconds 
  Import took 0.136500 seconds .

========================================================================
Received Import Request.
  Time since last request: 0.000570 seconds.
  path: Assets/Models/school/Prefabs/props/book5.prefab
  artifactKey: Guid(e0a660c9a16ebaa409248e8f87be4086) Importer(815301076,1909f56bfc062723c751e8b465ee728b)
Start importing Assets/Models/school/Prefabs/props/book5.prefab using Guid(e0a660c9a16ebaa409248e8f87be4086) Importer(815301076,1909f56bfc062723c751e8b465ee728b)  -> (artifact id: '6274a9791e4eff40c8d7678578860d5a') in 0.061156 seconds 
  Import took 0.112956 seconds .

========================================================================
Received Import Request.
  Time since last request: 0.000429 seconds.
  path: Assets/Models/school/Prefabs/props/button.prefab
  artifactKey: Guid(97ae661c4f5ec684bb00f569e3b354b5) Importer(815301076,1909f56bfc062723c751e8b465ee728b)
Start importing Assets/Models/school/Prefabs/props/button.prefab using Guid(97ae661c4f5ec684bb00f569e3b354b5) Importer(815301076,1909f56bfc062723c751e8b465ee728b)  -> (artifact id: 'a045f59667c4f3962f62830301e0bdff') in 0.061819 seconds 
  Import took 0.071433 seconds .

========================================================================
Received Import Request.
  Time since last request: 0.000444 seconds.
  path: Assets/Models/school/Prefabs/props/computer1.prefab
  artifactKey: Guid(8430fd56cfcb15941a1f31ea7f8f1915) Importer(815301076,1909f56bfc062723c751e8b465ee728b)
Start importing Assets/Models/school/Prefabs/props/computer1.prefab using Guid(8430fd56cfcb15941a1f31ea7f8f1915) Importer(815301076,1909f56bfc062723c751e8b465ee728b)  -> (artifact id: 'a849722935f566f355340cbc7421bc6d') in 0.075342 seconds 
  Import took 0.121867 seconds .

========================================================================
Received Import Request.
  Time since last request: 0.000560 seconds.
  path: Assets/Models/school/Prefabs/props/locker1.prefab
  artifactKey: Guid(7d65db92ee1ad5644a8177816885460b) Importer(815301076,1909f56bfc062723c751e8b465ee728b)
Start importing Assets/Models/school/Prefabs/props/locker1.prefab using Guid(7d65db92ee1ad5644a8177816885460b) Importer(815301076,1909f56bfc062723c751e8b465ee728b)  -> (artifact id: 'b6b2c5b9e16f90787c88c9116d528f4d') in 0.023070 seconds 
  Import took 0.045065 seconds .

========================================================================
Received Import Request.
  Time since last request: 0.000293 seconds.
  path: Assets/Models/school/Prefabs/props/book8.prefab
  artifactKey: Guid(945770b7f59f57549bb3e854e77a1de0) Importer(815301076,1909f56bfc062723c751e8b465ee728b)
Start importing Assets/Models/school/Prefabs/props/book8.prefab using Guid(945770b7f59f57549bb3e854e77a1de0) Importer(815301076,1909f56bfc062723c751e8b465ee728b)  -> (artifact id: '7a17aa8c120a6bdd49b57d5457324198') in 0.036021 seconds 
  Import took 0.093040 seconds .

========================================================================
Received Import Request.
  Time since last request: 0.000369 seconds.
  path: Assets/Models/school/Prefabs/props/board2_2 1.prefab
  artifactKey: Guid(fe495e6bdadd4254199eb7ad0b26898d) Importer(815301076,1909f56bfc062723c751e8b465ee728b)
Start importing Assets/Models/school/Prefabs/props/board2_2 1.prefab using Guid(fe495e6bdadd4254199eb7ad0b26898d) Importer(815301076,1909f56bfc062723c751e8b465ee728b)  -> (artifact id: 'abbcb411142ad7d813baea119993baa3') in 0.069782 seconds 
  Import took 0.105966 seconds .

========================================================================
Received Import Request.
  Time since last request: 0.000443 seconds.
  path: Assets/Models/school/Prefabs/props/board2_1.prefab
  artifactKey: Guid(b3341dfb909e87841afc69dcda0971e1) Importer(815301076,1909f56bfc062723c751e8b465ee728b)
Start importing Assets/Models/school/Prefabs/props/board2_1.prefab using Guid(b3341dfb909e87841afc69dcda0971e1) Importer(815301076,1909f56bfc062723c751e8b465ee728b)  -> (artifact id: '2c4f93377612cf6fe9ddab149dbddc48') in 0.053690 seconds 
  Import took 0.080185 seconds .

========================================================================
Received Import Request.
  Time since last request: 0.000300 seconds.
  path: Assets/Models/school/Prefabs/props/board2_2.prefab
  artifactKey: Guid(f16c1a01fe11a1c4499b6704e5007d33) Importer(815301076,1909f56bfc062723c751e8b465ee728b)
Start importing Assets/Models/school/Prefabs/props/board2_2.prefab using Guid(f16c1a01fe11a1c4499b6704e5007d33) Importer(815301076,1909f56bfc062723c751e8b465ee728b)  -> (artifact id: '8021ddb56bc18cfd128c40884a251432') in 0.010875 seconds 
  Import took 0.021229 seconds .

========================================================================
Received Import Request.
  Time since last request: 0.000252 seconds.
  path: Assets/Models/school/Prefabs/props/book15.prefab
  artifactKey: Guid(eb1f778dad1ad1243a12348ffbf99b9b) Importer(815301076,1909f56bfc062723c751e8b465ee728b)
Start importing Assets/Models/school/Prefabs/props/book15.prefab using Guid(eb1f778dad1ad1243a12348ffbf99b9b) Importer(815301076,1909f56bfc062723c751e8b465ee728b)  -> (artifact id: 'db91f5bff18f518fc1b84daebe31d9c8') in 0.052013 seconds 
  Import took 0.069291 seconds .

========================================================================
Received Import Request.
  Time since last request: 0.000386 seconds.
  path: Assets/Models/school/Prefabs/props/a laptop.prefab
  artifactKey: Guid(ec15f5ae191975f4d8de236356aaec36) Importer(815301076,1909f56bfc062723c751e8b465ee728b)
Start importing Assets/Models/school/Prefabs/props/a laptop.prefab using Guid(ec15f5ae191975f4d8de236356aaec36) Importer(815301076,1909f56bfc062723c751e8b465ee728b)  -> (artifact id: 'e7fe477f14e61ff96a804a8d01da731b') in 0.028227 seconds 
  Import took 0.052929 seconds .

========================================================================
Received Import Request.
  Time since last request: 0.000209 seconds.
  path: Assets/Models/school/Prefabs/props/book16.prefab
  artifactKey: Guid(c0acf536785cb4e4fba0b089e2ecd662) Importer(815301076,1909f56bfc062723c751e8b465ee728b)
Start importing Assets/Models/school/Prefabs/props/book16.prefab using Guid(c0acf536785cb4e4fba0b089e2ecd662) Importer(815301076,1909f56bfc062723c751e8b465ee728b)  -> (artifact id: 'ffbcff1cef6d8703177af1f7872dca1d') in 0.019876 seconds 
  Import took 0.035207 seconds .

========================================================================
Received Import Request.
  Time since last request: 0.000255 seconds.
  path: Assets/Models/school/Prefabs/props/book12.prefab
  artifactKey: Guid(70c302f8c134149459c53486998e3785) Importer(815301076,1909f56bfc062723c751e8b465ee728b)
Start importing Assets/Models/school/Prefabs/props/book12.prefab using Guid(70c302f8c134149459c53486998e3785) Importer(815301076,1909f56bfc062723c751e8b465ee728b)  -> (artifact id: '1eaf9014a014815ecb6f091841b447d9') in 0.025276 seconds 
  Import took 0.045111 seconds .

========================================================================
Received Import Request.
  Time since last request: 0.000260 seconds.
  path: Assets/Models/school/Prefabs/props/book10.prefab
  artifactKey: Guid(131fbc6a61b707e43a1a9cc37ce27999) Importer(815301076,1909f56bfc062723c751e8b465ee728b)
Start importing Assets/Models/school/Prefabs/props/book10.prefab using Guid(131fbc6a61b707e43a1a9cc37ce27999) Importer(815301076,1909f56bfc062723c751e8b465ee728b)  -> (artifact id: 'e1848532e00052920e31fb9cb668607c') in 0.027121 seconds 
  Import took 0.034360 seconds .

========================================================================
Received Import Request.
  Time since last request: 0.000222 seconds.
  path: Assets/Models/school/Prefabs/props/book7.prefab
  artifactKey: Guid(b4335bd599706fd488e027758d9ff789) Importer(815301076,1909f56bfc062723c751e8b465ee728b)
Start importing Assets/Models/school/Prefabs/props/book7.prefab using Guid(b4335bd599706fd488e027758d9ff789) Importer(815301076,1909f56bfc062723c751e8b465ee728b)  -> (artifact id: 'dc6b6ca1eca089a0f743912de31ea59a') in 0.035019 seconds 
  Import took 0.041439 seconds .

========================================================================
Received Import Request.
  Time since last request: 0.000219 seconds.
  path: Assets/Models/school/Prefabs/props/locker.prefab
  artifactKey: Guid(c2eb0536a6bbfb94590dc4ae7eb803da) Importer(815301076,1909f56bfc062723c751e8b465ee728b)
Start importing Assets/Models/school/Prefabs/props/locker.prefab using Guid(c2eb0536a6bbfb94590dc4ae7eb803da) Importer(815301076,1909f56bfc062723c751e8b465ee728b)  -> (artifact id: 'f99759df74681ddd1b560e2c0ed72162') in 0.029945 seconds 
  Import took 0.069408 seconds .

========================================================================
Received Import Request.
  Time since last request: 0.000270 seconds.
  path: Assets/Models/school/Prefabs/props/fire1.prefab
  artifactKey: Guid(4bc798f368a5f214ba2ad9cc17bc9b80) Importer(815301076,1909f56bfc062723c751e8b465ee728b)
Start importing Assets/Models/school/Prefabs/props/fire1.prefab using Guid(4bc798f368a5f214ba2ad9cc17bc9b80) Importer(815301076,1909f56bfc062723c751e8b465ee728b)  -> (artifact id: 'ce9dba9ad5fb03fcaf3464078820b131') in 0.033438 seconds 
  Import took 0.064573 seconds .

========================================================================
Received Import Request.
  Time since last request: 0.000448 seconds.
  path: Assets/Models/school/Prefabs/props/book14.prefab
  artifactKey: Guid(e14704938d821e14d8561c810691b64c) Importer(815301076,1909f56bfc062723c751e8b465ee728b)
Start importing Assets/Models/school/Prefabs/props/book14.prefab using Guid(e14704938d821e14d8561c810691b64c) Importer(815301076,1909f56bfc062723c751e8b465ee728b)  -> (artifact id: '96e859ae54e400fe959e3b9ac2feec74') in 0.028493 seconds 
  Import took 0.082575 seconds .

========================================================================
Received Import Request.
  Time since last request: 0.000248 seconds.
  path: Assets/Models/school/Prefabs/props/board1.prefab
  artifactKey: Guid(883fda0b73369fe41bc2ed262338a937) Importer(815301076,1909f56bfc062723c751e8b465ee728b)
Start importing Assets/Models/school/Prefabs/props/board1.prefab using Guid(883fda0b73369fe41bc2ed262338a937) Importer(815301076,1909f56bfc062723c751e8b465ee728b)  -> (artifact id: 'b644c19e9d952a9ba8737b9423e86fe2') in 0.040430 seconds 
  Import took 0.071635 seconds .

========================================================================
Received Import Request.
  Time since last request: 0.000209 seconds.
  path: Assets/Models/school/Prefabs/props/book4.prefab
  artifactKey: Guid(e71f88c62ec6ec749b9da3c66033409a) Importer(815301076,1909f56bfc062723c751e8b465ee728b)
Start importing Assets/Models/school/Prefabs/props/book4.prefab using Guid(e71f88c62ec6ec749b9da3c66033409a) Importer(815301076,1909f56bfc062723c751e8b465ee728b)  -> (artifact id: 'd4044f4ebd1ae822cc3992182f3e874d') in 0.025130 seconds 
  Import took 0.047110 seconds .

========================================================================
Received Import Request.
  Time since last request: 0.000225 seconds.
  path: Assets/Models/school/Prefabs/props/computer3.prefab
  artifactKey: Guid(eae94336b6079e8469f20b721b0474cd) Importer(815301076,1909f56bfc062723c751e8b465ee728b)
Start importing Assets/Models/school/Prefabs/props/computer3.prefab using Guid(eae94336b6079e8469f20b721b0474cd) Importer(815301076,1909f56bfc062723c751e8b465ee728b)  -> (artifact id: 'fdd9c35cf702e95441b32140afcd0407') in 0.053880 seconds 
  Import took 0.087368 seconds .

========================================================================
Received Import Request.
  Time since last request: 0.000251 seconds.
  path: Assets/Models/school/Prefabs/props/a door.prefab
  artifactKey: Guid(c46afe706fb2cde4883f7afaeaa67a78) Importer(815301076,1909f56bfc062723c751e8b465ee728b)
Start importing Assets/Models/school/Prefabs/props/a door.prefab using Guid(c46afe706fb2cde4883f7afaeaa67a78) Importer(815301076,1909f56bfc062723c751e8b465ee728b)  -> (artifact id: '878d235adfcaca1f4ac50b2c032a3ccd') in 0.035291 seconds 
  Import took 0.063747 seconds .

========================================================================
Received Import Request.
  Time since last request: 0.000249 seconds.
  path: Assets/Models/school/Prefabs/props/book6.prefab
  artifactKey: Guid(911f1ee2448dad14e8a9f895e1f5621e) Importer(815301076,1909f56bfc062723c751e8b465ee728b)
Start importing Assets/Models/school/Prefabs/props/book6.prefab using Guid(911f1ee2448dad14e8a9f895e1f5621e) Importer(815301076,1909f56bfc062723c751e8b465ee728b)  -> (artifact id: '5f42c39070bdecc15ccaf7c193c1b0a4') in 0.021188 seconds 
  Import took 0.048850 seconds .

========================================================================
Received Import Request.
  Time since last request: 0.000203 seconds.
  path: Assets/Models/school/Prefabs/props/board2_1 1.prefab
  artifactKey: Guid(1b8fb463cd54a3347a65b53783a48afc) Importer(815301076,1909f56bfc062723c751e8b465ee728b)
Start importing Assets/Models/school/Prefabs/props/board2_1 1.prefab using Guid(1b8fb463cd54a3347a65b53783a48afc) Importer(815301076,1909f56bfc062723c751e8b465ee728b)  -> (artifact id: 'dd522ee0a462a9ab0e2397e0096da9ef') in 0.013554 seconds 
  Import took 0.043012 seconds .

========================================================================
Received Import Request.
  Time since last request: 0.000261 seconds.
  path: Assets/Models/school/Prefabs/props/board2.prefab
  artifactKey: Guid(a5387be5615ab204780e8b46f7b3a16e) Importer(815301076,1909f56bfc062723c751e8b465ee728b)
Start importing Assets/Models/school/Prefabs/props/board2.prefab using Guid(a5387be5615ab204780e8b46f7b3a16e) Importer(815301076,1909f56bfc062723c751e8b465ee728b)  -> (artifact id: '6768a4d47879f6750621e93e2d25763a') in 0.086091 seconds 
  Import took 0.111262 seconds .

========================================================================
Received Import Request.
  Time since last request: 0.000243 seconds.
  path: Assets/Models/school/Prefabs/props/book13.prefab
  artifactKey: Guid(a2d69f66b9cfcbb41adcd641f6757042) Importer(815301076,1909f56bfc062723c751e8b465ee728b)
Start importing Assets/Models/school/Prefabs/props/book13.prefab using Guid(a2d69f66b9cfcbb41adcd641f6757042) Importer(815301076,1909f56bfc062723c751e8b465ee728b)  -> (artifact id: '582275bbb21d82f2cc872225f41d37a5') in 0.026424 seconds 
  Import took 0.040076 seconds .

========================================================================
Received Import Request.
  Time since last request: 0.000062 seconds.
  path: Assets/Models/school/Prefabs/props/chair1.prefab
  artifactKey: Guid(991e8973513e2ad408232c1afeb3a9df) Importer(815301076,1909f56bfc062723c751e8b465ee728b)
Start importing Assets/Models/school/Prefabs/props/chair1.prefab using Guid(991e8973513e2ad408232c1afeb3a9df) Importer(815301076,1909f56bfc062723c751e8b465ee728b)  -> (artifact id: 'a1e4eb4a79c895caec4c20693bf17c5f') in 0.076852 seconds 
  Import took 0.103891 seconds .

========================================================================
Received Import Request.
  Time since last request: 0.000207 seconds.
  path: Assets/Models/school/Prefabs/props/bus.prefab
  artifactKey: Guid(876481ee83f852b49901155a05d155d5) Importer(815301076,1909f56bfc062723c751e8b465ee728b)
Start importing Assets/Models/school/Prefabs/props/bus.prefab using Guid(876481ee83f852b49901155a05d155d5) Importer(815301076,1909f56bfc062723c751e8b465ee728b)  -> (artifact id: 'e3b28904f0a6e53d5a30641f028c2bcf') in 0.048886 seconds 
  Import took 0.077534 seconds .

========================================================================
Received Import Request.
  Time since last request: 0.000219 seconds.
  path: Assets/Models/school/Prefabs/props/computer.prefab
  artifactKey: Guid(95b7030fe576ba84e930b6af82eb2738) Importer(815301076,1909f56bfc062723c751e8b465ee728b)
Start importing Assets/Models/school/Prefabs/props/computer.prefab using Guid(95b7030fe576ba84e930b6af82eb2738) Importer(815301076,1909f56bfc062723c751e8b465ee728b)  -> (artifact id: '188674a94c25f5cab5cd33fea312eaa1') in 0.025864 seconds 
  Import took 0.032743 seconds .

========================================================================
Received Import Request.
  Time since last request: 0.000256 seconds.
  path: Assets/Models/school/Prefabs/props/fire.prefab
  artifactKey: Guid(9b95a03e0e9ba914da4f1c7fb5a46ab7) Importer(815301076,1909f56bfc062723c751e8b465ee728b)
Start importing Assets/Models/school/Prefabs/props/fire.prefab using Guid(9b95a03e0e9ba914da4f1c7fb5a46ab7) Importer(815301076,1909f56bfc062723c751e8b465ee728b)  -> (artifact id: '2e9a73b7da6d659135e6f10813b0701c') in 0.039720 seconds 
  Import took 0.060295 seconds .

========================================================================
Received Import Request.
  Time since last request: 0.000203 seconds.
  path: Assets/Models/school/Prefabs/props/board2_2 (1).prefab
  artifactKey: Guid(a92085e8cbdc326489fbf320d2c745d4) Importer(815301076,1909f56bfc062723c751e8b465ee728b)
Start importing Assets/Models/school/Prefabs/props/board2_2 (1).prefab using Guid(a92085e8cbdc326489fbf320d2c745d4) Importer(815301076,1909f56bfc062723c751e8b465ee728b)  -> (artifact id: 'e7d20e8145e6d27231436db250807534') in 0.011859 seconds 
  Import took 0.037992 seconds .

========================================================================
Received Import Request.
  Time since last request: 0.000223 seconds.
  path: Assets/Models/school/Prefabs/props/computer2.prefab
  artifactKey: Guid(c9909a6c1892fd04cb840ad5329e558e) Importer(815301076,1909f56bfc062723c751e8b465ee728b)
Start importing Assets/Models/school/Prefabs/props/computer2.prefab using Guid(c9909a6c1892fd04cb840ad5329e558e) Importer(815301076,1909f56bfc062723c751e8b465ee728b)  -> (artifact id: '68b11db2454852759610eaa9eec9dae9') in 0.036125 seconds 
  Import took 0.054199 seconds .

========================================================================
Received Import Request.
  Time since last request: 0.000202 seconds.
  path: Assets/Models/school/Prefabs/props/book2.prefab
  artifactKey: Guid(72c1249698983ad4988f693663fa1e21) Importer(815301076,1909f56bfc062723c751e8b465ee728b)
Start importing Assets/Models/school/Prefabs/props/book2.prefab using Guid(72c1249698983ad4988f693663fa1e21) Importer(815301076,1909f56bfc062723c751e8b465ee728b)  -> (artifact id: 'abe5627c10a92be69be7540ce2f23b29') in 0.021165 seconds 
  Import took 0.042236 seconds .

========================================================================
Received Import Request.
  Time since last request: 0.000206 seconds.
  path: Assets/Models/school/Prefabs/props/book9.prefab
  artifactKey: Guid(d74135662f1cf2049b7ad36d7a117892) Importer(815301076,1909f56bfc062723c751e8b465ee728b)
Start importing Assets/Models/school/Prefabs/props/book9.prefab using Guid(d74135662f1cf2049b7ad36d7a117892) Importer(815301076,1909f56bfc062723c751e8b465ee728b)  -> (artifact id: '9b9c01edaa40e51aae0e042bff731193') in 0.018028 seconds 
  Import took 0.052715 seconds .

========================================================================
Received Import Request.
  Time since last request: 0.000198 seconds.
  path: Assets/Models/school/Prefabs/props/book.prefab
  artifactKey: Guid(924e5835feca5774baf83fefc095dad6) Importer(815301076,1909f56bfc062723c751e8b465ee728b)
Start importing Assets/Models/school/Prefabs/props/book.prefab using Guid(924e5835feca5774baf83fefc095dad6) Importer(815301076,1909f56bfc062723c751e8b465ee728b)  -> (artifact id: '8ab47739d7dac0534a35ea3b8821e631') in 0.012840 seconds 
  Import took 0.022118 seconds .

========================================================================
Received Import Request.
  Time since last request: 0.000232 seconds.
  path: Assets/Models/school/Prefabs/props/jalousie.prefab
  artifactKey: Guid(f67ff9d455ede6d448bdf23bc838c236) Importer(815301076,1909f56bfc062723c751e8b465ee728b)
Start importing Assets/Models/school/Prefabs/props/jalousie.prefab using Guid(f67ff9d455ede6d448bdf23bc838c236) Importer(815301076,1909f56bfc062723c751e8b465ee728b)  -> (artifact id: 'd4b013a90b839b736f0c31d7a0b7bc4c') in 0.033032 seconds 
  Import took 0.046831 seconds .

========================================================================
Received Import Request.
  Time since last request: 0.000593 seconds.
  path: Assets/Models/school/Prefabs/props/chair.prefab
  artifactKey: Guid(5a652a60006d6ec46980e623412396f9) Importer(815301076,1909f56bfc062723c751e8b465ee728b)
Start importing Assets/Models/school/Prefabs/props/chair.prefab using Guid(5a652a60006d6ec46980e623412396f9) Importer(815301076,1909f56bfc062723c751e8b465ee728b)  -> (artifact id: '90dbaad92f66f9bb3473624eb16a314c') in 0.028160 seconds 
  Import took 0.062296 seconds .

========================================================================
Received Import Request.
  Time since last request: 0.000207 seconds.
  path: Assets/Models/school/Prefabs/props/book1.prefab
  artifactKey: Guid(f35bd34b33d70144ca22184a194ae6a4) Importer(815301076,1909f56bfc062723c751e8b465ee728b)
Start importing Assets/Models/school/Prefabs/props/book1.prefab using Guid(f35bd34b33d70144ca22184a194ae6a4) Importer(815301076,1909f56bfc062723c751e8b465ee728b)  -> (artifact id: '25d9bf802de375c1690d3e411b93eb50') in 0.012182 seconds 
  Import took 0.054731 seconds .

========================================================================
Received Import Request.
  Time since last request: 1.755450 seconds.
  path: Assets/Models/school/Prefabs/props/locker2.prefab
  artifactKey: Guid(5c2334af47df6454c9e2eaadbfaa2cb0) Importer(815301076,1909f56bfc062723c751e8b465ee728b)
Start importing Assets/Models/school/Prefabs/props/locker2.prefab using Guid(5c2334af47df6454c9e2eaadbfaa2cb0) Importer(815301076,1909f56bfc062723c751e8b465ee728b)  -> (artifact id: '93e94a6b64e249252e7f41b4946b3711') in 0.108847 seconds 
  Import took 0.151273 seconds .

========================================================================
Received Import Request.
  Time since last request: 0.000250 seconds.
  path: Assets/Models/school/Prefabs/props/locker_1.prefab
  artifactKey: Guid(4af7da65169b48c47b3b86e7d6323744) Importer(815301076,1909f56bfc062723c751e8b465ee728b)
Start importing Assets/Models/school/Prefabs/props/locker_1.prefab using Guid(4af7da65169b48c47b3b86e7d6323744) Importer(815301076,1909f56bfc062723c751e8b465ee728b)  -> (artifact id: 'c912b9083c1207875ad0bbbfef6bba51') in 0.089678 seconds 
  Import took 0.127701 seconds .

========================================================================
Received Import Request.
  Time since last request: 0.000320 seconds.
  path: Assets/Models/school/Prefabs/props/locker_2.prefab
  artifactKey: Guid(62b11dd993aa50e42a0890a734908161) Importer(815301076,1909f56bfc062723c751e8b465ee728b)
Start importing Assets/Models/school/Prefabs/props/locker_2.prefab using Guid(62b11dd993aa50e42a0890a734908161) Importer(815301076,1909f56bfc062723c751e8b465ee728b)  -> (artifact id: '4779397523bf94d3350f0537e16891a2') in 0.049348 seconds 
  Import took 0.071342 seconds .

========================================================================
Received Import Request.
  Time since last request: 0.000329 seconds.
  path: Assets/Models/school/Prefabs/props/projector.prefab
  artifactKey: Guid(832c4b3dc1fa4234a995fcbdcce28404) Importer(815301076,1909f56bfc062723c751e8b465ee728b)
Start importing Assets/Models/school/Prefabs/props/projector.prefab using Guid(832c4b3dc1fa4234a995fcbdcce28404) Importer(815301076,1909f56bfc062723c751e8b465ee728b)  -> (artifact id: '3d4f537a96917750cb20c1abdfd4b9f3') in 0.087342 seconds 
  Import took 0.142814 seconds .

========================================================================
Received Import Request.
  Time since last request: 0.000742 seconds.
  path: Assets/Models/school/Prefabs/props/sheet3.prefab
  artifactKey: Guid(5f0122993f7c5324d972bf997e494ca3) Importer(815301076,1909f56bfc062723c751e8b465ee728b)
Start importing Assets/Models/school/Prefabs/props/sheet3.prefab using Guid(5f0122993f7c5324d972bf997e494ca3) Importer(815301076,1909f56bfc062723c751e8b465ee728b)  -> (artifact id: 'b67f6699efd788c330267bf82749e491') in 0.068346 seconds 
  Import took 0.080802 seconds .

========================================================================
Received Import Request.
  Time since last request: 0.000194 seconds.
  path: Assets/Models/school/Prefabs/props/tray.prefab
  artifactKey: Guid(985e26fbc81357349904fd1b56692048) Importer(815301076,1909f56bfc062723c751e8b465ee728b)
Start importing Assets/Models/school/Prefabs/props/tray.prefab using Guid(985e26fbc81357349904fd1b56692048) Importer(815301076,1909f56bfc062723c751e8b465ee728b)  -> (artifact id: 'ff1c2269beafa07c8ef66b9e56835056') in 0.026426 seconds 
  Import took 0.041693 seconds .

========================================================================
Received Import Request.
  Time since last request: 0.002162 seconds.
  path: Assets/Models/school/Prefabs/props/sheet4.prefab
  artifactKey: Guid(2335e4e4480899f46aabd539af49b014) Importer(815301076,1909f56bfc062723c751e8b465ee728b)
Start importing Assets/Models/school/Prefabs/props/sheet4.prefab using Guid(2335e4e4480899f46aabd539af49b014) Importer(815301076,1909f56bfc062723c751e8b465ee728b)  -> (artifact id: '9ca01e9f8ae4117345dff19eee2bfde0') in 0.057081 seconds 
  Import took 0.090407 seconds .

========================================================================
Received Import Request.
  Time since last request: 0.000222 seconds.
  path: Assets/Models/school/Prefabs/props/table2.prefab
  artifactKey: Guid(91dc1ab115d03f04b930f9e619fb953f) Importer(815301076,1909f56bfc062723c751e8b465ee728b)
Start importing Assets/Models/school/Prefabs/props/table2.prefab using Guid(91dc1ab115d03f04b930f9e619fb953f) Importer(815301076,1909f56bfc062723c751e8b465ee728b)  -> (artifact id: '44fe2af53196f7583c4f3b45fd215eeb') in 0.042964 seconds 
  Import took 0.059899 seconds .

========================================================================
Received Import Request.
  Time since last request: 0.000194 seconds.
  path: Assets/Models/school/Prefabs/props/sheet2.prefab
  artifactKey: Guid(8e7a095165f9b1042be929150f3913f0) Importer(815301076,1909f56bfc062723c751e8b465ee728b)
Start importing Assets/Models/school/Prefabs/props/sheet2.prefab using Guid(8e7a095165f9b1042be929150f3913f0) Importer(815301076,1909f56bfc062723c751e8b465ee728b)  -> (artifact id: '751ea846e3ab64d1f605b158dbaab3c4') in 0.065338 seconds 
  Import took 0.092252 seconds .

========================================================================
Received Import Request.
  Time since last request: 0.000208 seconds.
  path: Assets/Models/school/Prefabs/props/rack.prefab
  artifactKey: Guid(4f9d36e206efd9c408c4487f1d8c65af) Importer(815301076,1909f56bfc062723c751e8b465ee728b)
Start importing Assets/Models/school/Prefabs/props/rack.prefab using Guid(4f9d36e206efd9c408c4487f1d8c65af) Importer(815301076,1909f56bfc062723c751e8b465ee728b)  -> (artifact id: '463f05b37dc1b089367ee2a02b87d612') in 0.031338 seconds 
  Import took 0.058156 seconds .

========================================================================
Received Import Request.
  Time since last request: 0.000324 seconds.
  path: Assets/Models/school/Prefabs/props/rack1.prefab
  artifactKey: Guid(6e8ee28b611f0274dba1617e8888f8ec) Importer(815301076,1909f56bfc062723c751e8b465ee728b)
Start importing Assets/Models/school/Prefabs/props/rack1.prefab using Guid(6e8ee28b611f0274dba1617e8888f8ec) Importer(815301076,1909f56bfc062723c751e8b465ee728b)  -> (artifact id: '5b630486e4d773f47b680de0ad3ea84e') in 0.031913 seconds 
  Import took 0.072386 seconds .

========================================================================
Received Import Request.
  Time since last request: 0.000240 seconds.
  path: Assets/Models/school/Prefabs/props/speaker.prefab
  artifactKey: Guid(5510dbd75f54c1547bcfa4dfea8c488d) Importer(815301076,1909f56bfc062723c751e8b465ee728b)
Start importing Assets/Models/school/Prefabs/props/speaker.prefab using Guid(5510dbd75f54c1547bcfa4dfea8c488d) Importer(815301076,1909f56bfc062723c751e8b465ee728b)  -> (artifact id: '1ee3a04732b76358bd6231af67ad5608') in 0.028791 seconds 
  Import took 0.048577 seconds .

========================================================================
Received Import Request.
  Time since last request: 0.000233 seconds.
  path: Assets/Models/school/Prefabs/props/sheet1.prefab
  artifactKey: Guid(7b5504fec8a3cf94d8d4814735af756c) Importer(815301076,1909f56bfc062723c751e8b465ee728b)
Start importing Assets/Models/school/Prefabs/props/sheet1.prefab using Guid(7b5504fec8a3cf94d8d4814735af756c) Importer(815301076,1909f56bfc062723c751e8b465ee728b)  -> (artifact id: '0ddc820496f6dae8c85dc32d99b6cdc5') in 0.063108 seconds 
  Import took 0.087847 seconds .

========================================================================
Received Import Request.
  Time since last request: 0.000287 seconds.
  path: Assets/Models/school/Prefabs/props/locker_4.prefab
  artifactKey: Guid(685803a48200879419cbf0f982932eb1) Importer(815301076,1909f56bfc062723c751e8b465ee728b)
Start importing Assets/Models/school/Prefabs/props/locker_4.prefab using Guid(685803a48200879419cbf0f982932eb1) Importer(815301076,1909f56bfc062723c751e8b465ee728b)  -> (artifact id: '1a974869f2d5aa72e09e90589d42bbc7') in 0.045024 seconds 
  Import took 0.066678 seconds .

========================================================================
Received Import Request.
  Time since last request: 0.000205 seconds.
  path: Assets/Models/school/Prefabs/props/table1.prefab
  artifactKey: Guid(006691b87ee6ce7429992a2a172ecf29) Importer(815301076,1909f56bfc062723c751e8b465ee728b)
Start importing Assets/Models/school/Prefabs/props/table1.prefab using Guid(006691b87ee6ce7429992a2a172ecf29) Importer(815301076,1909f56bfc062723c751e8b465ee728b)  -> (artifact id: '2506db313efe5fbf614a3d881a0aff0c') in 0.035327 seconds 
  Import took 0.057988 seconds .

========================================================================
Received Import Request.
  Time since last request: 0.000236 seconds.
  path: Assets/Models/school/Prefabs/props/locker_3.prefab
  artifactKey: Guid(0480571cf64de034d9d908aa51157db8) Importer(815301076,1909f56bfc062723c751e8b465ee728b)
Start importing Assets/Models/school/Prefabs/props/locker_3.prefab using Guid(0480571cf64de034d9d908aa51157db8) Importer(815301076,1909f56bfc062723c751e8b465ee728b)  -> (artifact id: '8550e71300a1b17478c62e52cef34bac') in 0.016493 seconds 
  Import took 0.033258 seconds .

========================================================================
Received Import Request.
  Time since last request: 0.000200 seconds.
  path: Assets/Models/school/Prefabs/props/showcase.prefab
  artifactKey: Guid(07f95da47d340af46b603c05bffc1cde) Importer(815301076,1909f56bfc062723c751e8b465ee728b)
Start importing Assets/Models/school/Prefabs/props/showcase.prefab using Guid(07f95da47d340af46b603c05bffc1cde) Importer(815301076,1909f56bfc062723c751e8b465ee728b)  -> (artifact id: '1dc04b8101b22faa45ff6c8a4b48362e') in 0.035372 seconds 
  Import took 0.059019 seconds .

========================================================================
Received Import Request.
  Time since last request: 0.000299 seconds.
  path: Assets/Models/school/Prefabs/props/table3.prefab
  artifactKey: Guid(6d513e3e97508a3429bc5eac2b8b7145) Importer(815301076,1909f56bfc062723c751e8b465ee728b)
Start importing Assets/Models/school/Prefabs/props/table3.prefab using Guid(6d513e3e97508a3429bc5eac2b8b7145) Importer(815301076,1909f56bfc062723c751e8b465ee728b)  -> (artifact id: 'b317288c7ca254612b9ef2c5309bce23') in 0.018046 seconds 
  Import took 0.027179 seconds .

========================================================================
Received Import Request.
  Time since last request: 0.000218 seconds.
  path: Assets/Models/school/Prefabs/props/locker_5.prefab
  artifactKey: Guid(a0fb9817dd6493340b32e1c86fadfc0b) Importer(815301076,1909f56bfc062723c751e8b465ee728b)
Start importing Assets/Models/school/Prefabs/props/locker_5.prefab using Guid(a0fb9817dd6493340b32e1c86fadfc0b) Importer(815301076,1909f56bfc062723c751e8b465ee728b)  -> (artifact id: '5c41413d2697bea6aaeec7ecc324b927') in 0.026137 seconds 
  Import took 0.049078 seconds .

========================================================================
Received Import Request.
  Time since last request: 0.000782 seconds.
  path: Assets/Models/school/Prefabs/props/sheet.prefab
  artifactKey: Guid(9b19a44036ac44243a6c69a62bcfdbdf) Importer(815301076,1909f56bfc062723c751e8b465ee728b)
Start importing Assets/Models/school/Prefabs/props/sheet.prefab using Guid(9b19a44036ac44243a6c69a62bcfdbdf) Importer(815301076,1909f56bfc062723c751e8b465ee728b)  -> (artifact id: '4ac0db5f27562f5dd568106662ac4102') in 0.047999 seconds 
  Import took 0.092047 seconds .

========================================================================
Received Import Request.
  Time since last request: 2.133266 seconds.
  path: Assets/Models/school/Prefabs/props/wall.prefab
  artifactKey: Guid(d8553808ed1fd2a41982e26a8f099b9a) Importer(815301076,1909f56bfc062723c751e8b465ee728b)
Start importing Assets/Models/school/Prefabs/props/wall.prefab using Guid(d8553808ed1fd2a41982e26a8f099b9a) Importer(815301076,1909f56bfc062723c751e8b465ee728b)  -> (artifact id: '4cb86c17d4736b43d3e81935eb99fc9c') in 0.164862 seconds 
  Import took 0.192352 seconds .

========================================================================
Received Import Request.
  Time since last request: 0.000467 seconds.
  path: Assets/Models/school/Prefabs/props/wall001.prefab
  artifactKey: Guid(7218b9728928b894eb1799b26af67733) Importer(815301076,1909f56bfc062723c751e8b465ee728b)
Start importing Assets/Models/school/Prefabs/props/wall001.prefab using Guid(7218b9728928b894eb1799b26af67733) Importer(815301076,1909f56bfc062723c751e8b465ee728b)  -> (artifact id: 'fcb568ee78eb9ccdbcaada12518fa9f6') in 0.028608 seconds 
  Import took 0.064218 seconds .

========================================================================
Received Import Request.
  Time since last request: 0.000254 seconds.
  path: Assets/Models/school/Prefabs/props/wall4.prefab
  artifactKey: Guid(2d0d657c1182735489e24a5ce302b99c) Importer(815301076,1909f56bfc062723c751e8b465ee728b)
Start importing Assets/Models/school/Prefabs/props/wall4.prefab using Guid(2d0d657c1182735489e24a5ce302b99c) Importer(815301076,1909f56bfc062723c751e8b465ee728b)  -> (artifact id: '522783bb9d3d0c75bd2f83ca7c66890e') in 0.032794 seconds 
  Import took 0.052637 seconds .

========================================================================
Received Import Request.
  Time since last request: 0.000492 seconds.
  path: Assets/Models/school/Prefabs/props/wall4 (2).prefab
  artifactKey: Guid(4af663313fdc5d04889a6710948329c3) Importer(815301076,1909f56bfc062723c751e8b465ee728b)
Start importing Assets/Models/school/Prefabs/props/wall4 (2).prefab using Guid(4af663313fdc5d04889a6710948329c3) Importer(815301076,1909f56bfc062723c751e8b465ee728b)  -> (artifact id: 'ce503942c9251b7fe605aacc42156689') in 0.019555 seconds 
  Import took 0.040248 seconds .

========================================================================
Received Import Request.
  Time since last request: 0.000243 seconds.
  path: Assets/Models/school/Prefabs/props/wall2.prefab
  artifactKey: Guid(935ba91ea5459eb4d8917d5e94bc3ddf) Importer(815301076,1909f56bfc062723c751e8b465ee728b)
Start importing Assets/Models/school/Prefabs/props/wall2.prefab using Guid(935ba91ea5459eb4d8917d5e94bc3ddf) Importer(815301076,1909f56bfc062723c751e8b465ee728b)  -> (artifact id: 'd30670347d01562bc49deda406946d34') in 0.019032 seconds 
  Import took 0.031099 seconds .

========================================================================
Received Import Request.
  Time since last request: 0.000211 seconds.
  path: Assets/Models/school/Prefabs/props/wall4 (1).prefab
  artifactKey: Guid(288b229db858c114299d1bf70ffc95cd) Importer(815301076,1909f56bfc062723c751e8b465ee728b)
Start importing Assets/Models/school/Prefabs/props/wall4 (1).prefab using Guid(288b229db858c114299d1bf70ffc95cd) Importer(815301076,1909f56bfc062723c751e8b465ee728b)  -> (artifact id: 'a175ab2ee37251411e50c1d291a25cd3') in 0.020306 seconds 
  Import took 0.030265 seconds .

========================================================================
Received Import Request.
  Time since last request: 3720.182080 seconds.
  path: Assets/_TerrainAutoUpgrade
  artifactKey: Guid(21108ab8b37fca34ebb6c0987e317bf3) Importer(815301076,1909f56bfc062723c751e8b465ee728b)
Start importing Assets/_TerrainAutoUpgrade using Guid(21108ab8b37fca34ebb6c0987e317bf3) Importer(815301076,1909f56bfc062723c751e8b465ee728b)  -> (artifact id: '28609d396388ab932d8b69f827724705') in 0.005102 seconds 
  Import took 0.068655 seconds .

========================================================================
Received Import Request.
  Time since last request: 0.001561 seconds.
  path: Assets/_TerrainAutoUpgrade/layer_CliffAlbedoSpecularcc0f254a2c535401.terrainlayer
  artifactKey: Guid(c3efb6256d35a6444bf3969d827f2b98) Importer(815301076,1909f56bfc062723c751e8b465ee728b)
Start importing Assets/_TerrainAutoUpgrade/layer_CliffAlbedoSpecularcc0f254a2c535401.terrainlayer using Guid(c3efb6256d35a6444bf3969d827f2b98) Importer(815301076,1909f56bfc062723c751e8b465ee728b)  -> (artifact id: '627823195bc5c81511ee8ca691afc9c5') in 0.159770 seconds 
  Import took 0.166395 seconds .

========================================================================
Received Import Request.
  Time since last request: 0.000186 seconds.
  path: Assets/_TerrainAutoUpgrade/layer_GrassHillAlbedocc0f254a2c535401.terrainlayer
  artifactKey: Guid(432b806787a0aaf4b9458da936887587) Importer(815301076,1909f56bfc062723c751e8b465ee728b)
Start importing Assets/_TerrainAutoUpgrade/layer_GrassHillAlbedocc0f254a2c535401.terrainlayer using Guid(432b806787a0aaf4b9458da936887587) Importer(815301076,1909f56bfc062723c751e8b465ee728b)  -> (artifact id: '670c529274a74f5aff245d3d44c40eb2') in 0.056762 seconds 
  Import took 0.070522 seconds .

========================================================================
Received Import Request.
  Time since last request: 0.000240 seconds.
  path: Assets/_TerrainAutoUpgrade/layer_SandAlbedocc0f254a2c535401.terrainlayer
  artifactKey: Guid(9e133248bce9dea4a9423ddd6d1bb150) Importer(815301076,1909f56bfc062723c751e8b465ee728b)
Start importing Assets/_TerrainAutoUpgrade/layer_SandAlbedocc0f254a2c535401.terrainlayer using Guid(9e133248bce9dea4a9423ddd6d1bb150) Importer(815301076,1909f56bfc062723c751e8b465ee728b)  -> (artifact id: 'beea7e720aa8d3e85b883d824527ee7d') in 0.046609 seconds 
  Import took 0.063609 seconds .

========================================================================
Received Import Request.
  Time since last request: 0.003109 seconds.
  path: Assets/_TerrainAutoUpgrade/layer_MudRockyAlbedoSpecularMudRockyNormalsb3407d0e55802f81.terrainlayer
  artifactKey: Guid(04722595925ca4548ae973efb34503d2) Importer(815301076,1909f56bfc062723c751e8b465ee728b)
Start importing Assets/_TerrainAutoUpgrade/layer_MudRockyAlbedoSpecularMudRockyNormalsb3407d0e55802f81.terrainlayer using Guid(04722595925ca4548ae973efb34503d2) Importer(815301076,1909f56bfc062723c751e8b465ee728b)  -> (artifact id: 'c83f107f9694ff8d7c31ce338ca81466') in 0.114297 seconds 
  Import took 0.139730 seconds .

========================================================================
Received Import Request.
  Time since last request: 152.187117 seconds.
  path: Assets/Resources/Prefs/a door Variant.prefab
  artifactKey: Guid(89b5edaf15aeb054995e4f26e1b891d5) Importer(815301076,1909f56bfc062723c751e8b465ee728b)
Start importing Assets/Resources/Prefs/a door Variant.prefab using Guid(89b5edaf15aeb054995e4f26e1b891d5) Importer(815301076,1909f56bfc062723c751e8b465ee728b)  -> (artifact id: '88452efa1779942dd80269416b6365d2') in 0.054242 seconds 
  Import took 0.083128 seconds .

========================================================================
Received Import Request.
  Time since last request: 0.000326 seconds.
  path: Assets/Resources/Prefs/Player Variant.prefab
  artifactKey: Guid(f78de8c08e137b141b7257e180203cf6) Importer(815301076,1909f56bfc062723c751e8b465ee728b)
Start importing Assets/Resources/Prefs/Player Variant.prefab using Guid(f78de8c08e137b141b7257e180203cf6) Importer(815301076,1909f56bfc062723c751e8b465ee728b)  -> (artifact id: '903ce97306434acd33703b3714fb944c') in 2.110482 seconds 
  Import took 2.121613 seconds .

========================================================================
Received Import Request.
  Time since last request: 614.463699 seconds.
  path: Assets/Models/school/Prefabs/props/window.prefab
  artifactKey: Guid(e120b02de507bb247b9822913df0c03e) Importer(815301076,1909f56bfc062723c751e8b465ee728b)
Start importing Assets/Models/school/Prefabs/props/window.prefab using Guid(e120b02de507bb247b9822913df0c03e) Importer(815301076,1909f56bfc062723c751e8b465ee728b)  -> (artifact id: 'ac64ccbc3ac8aaa26d140dab8daa0830') in 0.106373 seconds 
  Import took 0.117409 seconds .

========================================================================
Received Import Request.
  Time since last request: 342.914229 seconds.
  path: Assets/Models/POLYGON city pack/Meshes,textures/props_FBX/Flower 1 red mix 1.png
  artifactKey: Guid(a9b624edc80506344b4364c85f135272) Importer(815301076,1909f56bfc062723c751e8b465ee728b)
Start importing Assets/Models/POLYGON city pack/Meshes,textures/props_FBX/Flower 1 red mix 1.png using Guid(a9b624edc80506344b4364c85f135272) Importer(815301076,1909f56bfc062723c751e8b465ee728b)  -> (artifact id: '75e18156dd330dc40df6ad60952bdfe9') in 0.294566 seconds 
  Import took 0.319700 seconds .

========================================================================
Received Import Request.
  Time since last request: 0.000496 seconds.
  path: Assets/Models/Latifa V2 3D - Anime Style/Latifa V2 Character/Latifa V2 (Optimized FBX).fbx
  artifactKey: Guid(895bba5160ea131489e4882eb6ded6ab) Importer(815301076,1909f56bfc062723c751e8b465ee728b)
Start importing Assets/Models/Latifa V2 3D - Anime Style/Latifa V2 Character/Latifa V2 (Optimized FBX).fbx using Guid(895bba5160ea131489e4882eb6ded6ab) Importer(815301076,1909f56bfc062723c751e8b465ee728b)  -> (artifact id: 'c7bdccd8260bef7e97d014348ce551fa') in 2.508047 seconds 
  Import took 2.562524 seconds .

========================================================================
Received Import Request.
  Time since last request: 0.000312 seconds.
  path: Assets/Scripts/StarterAssets/Environment/Art/Textures/Grid_01_Emissive.png
  artifactKey: Guid(d4d6919451fe3e24388816386a6d15a4) Importer(815301076,1909f56bfc062723c751e8b465ee728b)
Start importing Assets/Scripts/StarterAssets/Environment/Art/Textures/Grid_01_Emissive.png using Guid(d4d6919451fe3e24388816386a6d15a4) Importer(815301076,1909f56bfc062723c751e8b465ee728b)  -> (artifact id: 'd69d394a3d6b71f655ea32b4ab6c3d27') in 0.154343 seconds 
  Import took 0.198717 seconds .

========================================================================
Received Import Request.
  Time since last request: 0.000231 seconds.
  path: Assets/Scripts/FirstPersion AIO Pack/DemoScene/Working Textures/Props/MicroPropTex_Roughness.png
  artifactKey: Guid(70b9f92cfb2158e4f80d1777596df240) Importer(815301076,1909f56bfc062723c751e8b465ee728b)
Start importing Assets/Scripts/FirstPersion AIO Pack/DemoScene/Working Textures/Props/MicroPropTex_Roughness.png using Guid(70b9f92cfb2158e4f80d1777596df240) Importer(815301076,1909f56bfc062723c751e8b465ee728b)  -> (artifact id: '29f1b03e288ea7cf711c357c3b022429') in 0.090337 seconds 
  Import took 0.116808 seconds .

========================================================================
Received Import Request.
  Time since last request: 0.000292 seconds.
  path: Assets/Models/MagicMirror/Prefab/MirrorMaterial.mat
  artifactKey: Guid(232c0653700ee46418c8a4a6f0402d92) Importer(815301076,1909f56bfc062723c751e8b465ee728b)
Start importing Assets/Models/MagicMirror/Prefab/MirrorMaterial.mat using Guid(232c0653700ee46418c8a4a6f0402d92) Importer(815301076,1909f56bfc062723c751e8b465ee728b)  -> (artifact id: '992877ffa7713e4418776d2f84a78a00') in 0.141144 seconds 
  Import took 0.162611 seconds .

========================================================================
Received Import Request.
  Time since last request: 0.001086 seconds.
  path: Assets/Models/Latifa V2 3D - Anime Style/Latifa V2 (Optimized FBX)@Stable Sword Inward Slash.fbx
  artifactKey: Guid(1f304a3dcb89e1643b6c8ff7192751f9) Importer(815301076,1909f56bfc062723c751e8b465ee728b)
Start importing Assets/Models/Latifa V2 3D - Anime Style/Latifa V2 (Optimized FBX)@Stable Sword Inward Slash.fbx using Guid(1f304a3dcb89e1643b6c8ff7192751f9) Importer(815301076,1909f56bfc062723c751e8b465ee728b)  -> (artifact id: 'fa86720105b429dcd07dfca81f6cb9b8') in 1.090169 seconds 
  Import took 1.132894 seconds .

========================================================================
Received Import Request.
  Time since last request: 0.000280 seconds.
  path: Assets/Models/SoutaNew/Seated Idle.fbx
  artifactKey: Guid(0f80510eb86b5654e99a54bcadcccdf5) Importer(815301076,1909f56bfc062723c751e8b465ee728b)
Start importing Assets/Models/SoutaNew/Seated Idle.fbx using Guid(0f80510eb86b5654e99a54bcadcccdf5) Importer(815301076,1909f56bfc062723c751e8b465ee728b)  -> (artifact id: '629d5050f50734f288399622f9f28b8c') in 2.331965 seconds 
  Import took 2.349957 seconds .

========================================================================
Received Import Request.
  Time since last request: 0.000694 seconds.
  path: Assets/Scripts/Fungus/Audio/MidVoice.wav
  artifactKey: Guid(f637c5ce9d10e45c7855ed89bfc6b97e) Importer(815301076,1909f56bfc062723c751e8b465ee728b)
Start importing Assets/Scripts/Fungus/Audio/MidVoice.wav using Guid(f637c5ce9d10e45c7855ed89bfc6b97e) Importer(815301076,1909f56bfc062723c751e8b465ee728b)  -> (artifact id: 'ba44f87aa802fd9076464a28b5488b7a') in 0.271731 seconds 
  Import took 0.330514 seconds .

========================================================================
Received Import Request.
  Time since last request: 0.000190 seconds.
  path: Assets/Scripts/FirstPersion AIO Pack/DemoScene/Models/Props.fbx
  artifactKey: Guid(d13b23452d2513642bbee06d75de3fb0) Importer(815301076,1909f56bfc062723c751e8b465ee728b)
Start importing Assets/Scripts/FirstPersion AIO Pack/DemoScene/Models/Props.fbx using Guid(d13b23452d2513642bbee06d75de3fb0) Importer(815301076,1909f56bfc062723c751e8b465ee728b)  -> (artifact id: 'd8e62ce86a188e8a47160809711462d8') in 0.482897 seconds 
  Import took 0.520978 seconds .

========================================================================
Received Import Request.
  Time since last request: 0.000488 seconds.
  path: Assets/Models/SoutaNew/Running (5).fbx
  artifactKey: Guid(7f1c38ec9c6cfe048a272e3c7ffbf4f0) Importer(815301076,1909f56bfc062723c751e8b465ee728b)
Start importing Assets/Models/SoutaNew/Running (5).fbx using Guid(7f1c38ec9c6cfe048a272e3c7ffbf4f0) Importer(815301076,1909f56bfc062723c751e8b465ee728b)  -> (artifact id: '442311d8f26a97dea7cdc4909fc05c0d') in 0.822878 seconds 
  Import took 0.857934 seconds .

========================================================================
Received Import Request.
  Time since last request: 0.000216 seconds.
  path: Assets/Scripts/FirstPersion AIO Pack/DemoScene/Prefabs/MiniVan.prefab
  artifactKey: Guid(baf623ab442775545b87846b2e589bb3) Importer(815301076,1909f56bfc062723c751e8b465ee728b)
Start importing Assets/Scripts/FirstPersion AIO Pack/DemoScene/Prefabs/MiniVan.prefab using Guid(baf623ab442775545b87846b2e589bb3) Importer(815301076,1909f56bfc062723c751e8b465ee728b)  -> (artifact id: 'c32daaa7777164262d03451d7e14030d') in 0.834979 seconds 
  Import took 0.896149 seconds .

========================================================================
Received Import Request.
  Time since last request: 0.000247 seconds.
  path: Assets/Models/MagicMirror/Prefab/MirrorDetailMaterial.mat
  artifactKey: Guid(5bf5f776d303c9543be8af0b7d5b52b0) Importer(815301076,1909f56bfc062723c751e8b465ee728b)
Start importing Assets/Models/MagicMirror/Prefab/MirrorDetailMaterial.mat using Guid(5bf5f776d303c9543be8af0b7d5b52b0) Importer(815301076,1909f56bfc062723c751e8b465ee728b)  -> (artifact id: '5f572b97eeace8d12859e87f68b9a99f') in 0.055887 seconds 
  Import took 0.084880 seconds .

========================================================================
Received Import Request.
  Time since last request: 0.000239 seconds.
  path: Assets/Models/MagicMirror/Prefab/MirrorFrameMaterial.mat
  artifactKey: Guid(ec0cb013296c97943bb4bb4a6a23ae17) Importer(815301076,1909f56bfc062723c751e8b465ee728b)
Start importing Assets/Models/MagicMirror/Prefab/MirrorFrameMaterial.mat using Guid(ec0cb013296c97943bb4bb4a6a23ae17) Importer(815301076,1909f56bfc062723c751e8b465ee728b)  -> (artifact id: '53a7c390e92382e039082e36ba5b018b') in 0.063451 seconds 
  Import took 0.092686 seconds .

========================================================================
Received Import Request.
  Time since last request: 0.000249 seconds.
  path: Assets/Models/MagicMirror/Prefab/MirrorMaterialBumpMap.mat
  artifactKey: Guid(d9eaa94ef39cab84b9f7c7c1b51cf0af) Importer(815301076,1909f56bfc062723c751e8b465ee728b)
Start importing Assets/Models/MagicMirror/Prefab/MirrorMaterialBumpMap.mat using Guid(d9eaa94ef39cab84b9f7c7c1b51cf0af) Importer(815301076,1909f56bfc062723c751e8b465ee728b)  -> (artifact id: 'e41dacb1fade585a687ee8d29426ee12') in 0.284020 seconds 
  Import took 0.299688 seconds .

========================================================================
Received Import Request.
  Time since last request: 0.000248 seconds.
  path: Assets/Models/SoutaNew/Jump.fbx
  artifactKey: Guid(d32bed2be1c0f5a468f6768cd677071d) Importer(815301076,1909f56bfc062723c751e8b465ee728b)
Start importing Assets/Models/SoutaNew/Jump.fbx using Guid(d32bed2be1c0f5a468f6768cd677071d) Importer(815301076,1909f56bfc062723c751e8b465ee728b)  -> (artifact id: '0ed8624394a1f2239de330463a4a7e85') in 0.789622 seconds 
  Import took 0.843647 seconds .

========================================================================
Received Import Request.
  Time since last request: 0.000286 seconds.
  path: Assets/Models/MagicMirror/Prefab/Editor/MagicMirrorLogo.png
  artifactKey: Guid(1aede80a470c5a342a6a0132ae36d367) Importer(815301076,1909f56bfc062723c751e8b465ee728b)
Start importing Assets/Models/MagicMirror/Prefab/Editor/MagicMirrorLogo.png using Guid(1aede80a470c5a342a6a0132ae36d367) Importer(815301076,1909f56bfc062723c751e8b465ee728b)  -> (artifact id: '21a196a38ad7377b1955a5a45deaf7f0') in 0.130046 seconds 
  Import took 0.185615 seconds .

========================================================================
Received Import Request.
  Time since last request: 0.000309 seconds.
  path: Assets/Scripts/Fungus/Resources/Sprites/MousePointer.png
  artifactKey: Guid(502e0c9b755f34db0b90bf78857d8a1c) Importer(815301076,1909f56bfc062723c751e8b465ee728b)
Start importing Assets/Scripts/Fungus/Resources/Sprites/MousePointer.png using Guid(502e0c9b755f34db0b90bf78857d8a1c) Importer(815301076,1909f56bfc062723c751e8b465ee728b)  -> (artifact id: '6f71126db8e3ecb345bb0dd8a6e147f5') in 0.141145 seconds 
  Import took 0.188845 seconds .

========================================================================
Received Import Request.
  Time since last request: 0.000802 seconds.
  path: Assets/Models/SoutaNew/Sitting Idle.fbx
  artifactKey: Guid(793f6b305149c0f46b557f2ec37c5944) Importer(815301076,1909f56bfc062723c751e8b465ee728b)
Start importing Assets/Models/SoutaNew/Sitting Idle.fbx using Guid(793f6b305149c0f46b557f2ec37c5944) Importer(815301076,1909f56bfc062723c751e8b465ee728b)  -> (artifact id: 'ca0d74e2d278783adcfada7f04acb021') in 3.727134 seconds 
  Import took 3.775034 seconds .

========================================================================
Received Import Request.
  Time since last request: 0.000260 seconds.
  path: Assets/Scripts/FirstPersion AIO Pack/DemoScene/Working Materials/MicroProps.mat
  artifactKey: Guid(3280967b030fe804a8e7f8c50d02814c) Importer(815301076,1909f56bfc062723c751e8b465ee728b)
Start importing Assets/Scripts/FirstPersion AIO Pack/DemoScene/Working Materials/MicroProps.mat using Guid(3280967b030fe804a8e7f8c50d02814c) Importer(815301076,1909f56bfc062723c751e8b465ee728b)  -> (artifact id: '2a6c8b3020b70647884f4e054b229df2') in 0.060235 seconds 
  Import took 0.097226 seconds .

========================================================================
Received Import Request.
  Time since last request: 0.000214 seconds.
  path: Assets/Scripts/StarterAssets/InputSystem/StarterAssets.inputactions
  artifactKey: Guid(4419d82f33d36e848b3ed5af4c8da37e) Importer(815301076,1909f56bfc062723c751e8b465ee728b)
Start importing Assets/Scripts/StarterAssets/InputSystem/StarterAssets.inputactions using Guid(4419d82f33d36e848b3ed5af4c8da37e) Importer(815301076,1909f56bfc062723c751e8b465ee728b)  -> (artifact id: '00eb7c6af2e1acd237f105a3d5936154') in 0.139595 seconds 
  Import took 0.199742 seconds .

========================================================================
Received Import Request.
  Time since last request: 0.000678 seconds.
  path: Assets/Models/SoutaNew/Sit To Stand.fbx
  artifactKey: Guid(5ae690fd02a8e1b41a356ccb817e05ab) Importer(815301076,1909f56bfc062723c751e8b465ee728b)
Start importing Assets/Models/SoutaNew/Sit To Stand.fbx using Guid(5ae690fd02a8e1b41a356ccb817e05ab) Importer(815301076,1909f56bfc062723c751e8b465ee728b)  -> (artifact id: '10d32ee1dbd95e4cf7a9422bdfbe7421') in 3.638077 seconds 
  Import took 3.720097 seconds .

========================================================================
Received Import Request.
  Time since last request: 0.000435 seconds.
  path: Assets/Models/SoutaNew/Souta@Sitting Laughing.fbx
  artifactKey: Guid(4a486bfc60cff9e4fb49430b3aa0567c) Importer(815301076,1909f56bfc062723c751e8b465ee728b)
Start importing Assets/Models/SoutaNew/Souta@Sitting Laughing.fbx using Guid(4a486bfc60cff9e4fb49430b3aa0567c) Importer(815301076,1909f56bfc062723c751e8b465ee728b)  -> (artifact id: '55ee13941e2496c93327c06f665597e9') in 2.343595 seconds 
  Import took 2.399410 seconds .

========================================================================
Received Import Request.
  Time since last request: 0.000242 seconds.
  path: Assets/Scripts/FirstPersion AIO Pack/DemoScene/Working Textures/Props/MicroPropTex.png
  artifactKey: Guid(1684f9736474bf44cbb40da7d0fb68da) Importer(815301076,1909f56bfc062723c751e8b465ee728b)
Start importing Assets/Scripts/FirstPersion AIO Pack/DemoScene/Working Textures/Props/MicroPropTex.png using Guid(1684f9736474bf44cbb40da7d0fb68da) Importer(815301076,1909f56bfc062723c751e8b465ee728b)  -> (artifact id: 'b93726f29a4ff5d748ad4cf0383ab6fb') in 0.009600 seconds 
  Import took 0.050800 seconds .

========================================================================
Received Import Request.
  Time since last request: 0.000428 seconds.
  path: Assets/Models/Megumi_HighSchoolStudent/Texture/FaceMouth.png
  artifactKey: Guid(3dac217ded54b1448b77f3c13b4e37cc) Importer(815301076,1909f56bfc062723c751e8b465ee728b)
Start importing Assets/Models/Megumi_HighSchoolStudent/Texture/FaceMouth.png using Guid(3dac217ded54b1448b77f3c13b4e37cc) Importer(815301076,1909f56bfc062723c751e8b465ee728b)  -> (artifact id: '07340acc1b6abcdc082f42b4b5ffa88e') in 0.091865 seconds 
  Import took 0.129892 seconds .

========================================================================
Received Import Request.
  Time since last request: 0.000249 seconds.
  path: Assets/Scripts/FirstPersion AIO Pack/DemoScene/Working Textures/Props/MicroPropTex_matallic.png
  artifactKey: Guid(43258c979502e7a439011b569f02abb6) Importer(815301076,1909f56bfc062723c751e8b465ee728b)
Start importing Assets/Scripts/FirstPersion AIO Pack/DemoScene/Working Textures/Props/MicroPropTex_matallic.png using Guid(43258c979502e7a439011b569f02abb6) Importer(815301076,1909f56bfc062723c751e8b465ee728b)  -> (artifact id: '87819ba5e420f2acffd769de8d086e20') in 0.014035 seconds 
  Import took 0.034987 seconds .

========================================================================
Received Import Request.
  Time since last request: 0.001259 seconds.
  path: Assets/Models/SoutaNew/Animator/Souta@Sitting Laughing.fbx
  artifactKey: Guid(67d27e858efb5164e9f4eb0f99444d67) Importer(815301076,1909f56bfc062723c751e8b465ee728b)
Start importing Assets/Models/SoutaNew/Animator/Souta@Sitting Laughing.fbx using Guid(67d27e858efb5164e9f4eb0f99444d67) Importer(815301076,1909f56bfc062723c751e8b465ee728b)  -> (artifact id: '3895cbe3a98722783f5b857e7ccbd4b4') in 2.843621 seconds 
  Import took 2.888843 seconds .

========================================================================
Received Import Request.
  Time since last request: 0.000205 seconds.
  path: Assets/Scripts/FirstPersion AIO Pack/DemoScene/Working Textures/Props/MicroPropTex_Emission.png
  artifactKey: Guid(860b5540b51fafa4d9eb5eaceeec3f59) Importer(815301076,1909f56bfc062723c751e8b465ee728b)
Start importing Assets/Scripts/FirstPersion AIO Pack/DemoScene/Working Textures/Props/MicroPropTex_Emission.png using Guid(860b5540b51fafa4d9eb5eaceeec3f59) Importer(815301076,1909f56bfc062723c751e8b465ee728b)  -> (artifact id: 'a226d4ce86ca1205c72cfe85758cd3f1') in 0.053295 seconds 
  Import took 0.072941 seconds .

========================================================================
Received Import Request.
  Time since last request: 0.000213 seconds.
  path: Assets/Models/SoutaNew/Walking (2).fbx
  artifactKey: Guid(089a3ec027596b84d9a7cbb375ce086b) Importer(815301076,1909f56bfc062723c751e8b465ee728b)
Start importing Assets/Models/SoutaNew/Walking (2).fbx using Guid(089a3ec027596b84d9a7cbb375ce086b) Importer(815301076,1909f56bfc062723c751e8b465ee728b)  -> (artifact id: 'a47ba8daacf2d74928a3710f970465ed') in 0.721530 seconds 
  Import took 0.773070 seconds .

========================================================================
Received Import Request.
  Time since last request: 0.000674 seconds.
  path: Assets/Models/MagicMirror/Prefab/MirrorChild.prefab
  artifactKey: Guid(1ce49965b4f65fb4e8f1fedc56784c68) Importer(815301076,1909f56bfc062723c751e8b465ee728b)
Start importing Assets/Models/MagicMirror/Prefab/MirrorChild.prefab using Guid(1ce49965b4f65fb4e8f1fedc56784c68) Importer(815301076,1909f56bfc062723c751e8b465ee728b)  -> (artifact id: '3add3cc3679576d2f4100da0792f0435') in 0.031717 seconds 
  Import took 0.077994 seconds .

========================================================================
Received Import Request.
  Time since last request: 0.001190 seconds.
  path: Assets/Models/MagicMirror/Prefab/Mirror.prefab
  artifactKey: Guid(977d462d3da090443aa549827d636355) Importer(815301076,1909f56bfc062723c751e8b465ee728b)
Start importing Assets/Models/MagicMirror/Prefab/Mirror.prefab using Guid(977d462d3da090443aa549827d636355) Importer(815301076,1909f56bfc062723c751e8b465ee728b)  -> (artifact id: 'ef1b8096a3008426f9532ca36ae08c1d') in 0.057925 seconds 
  Import took 0.071376 seconds .

========================================================================
Received Import Request.
  Time since last request: 0.000658 seconds.
  path: Assets/Models/SoutaNew/Material/M00_000_00_FaceMouth_00_FACE.mat
  artifactKey: Guid(77d8c10f8f383e3409273a4795d4883d) Importer(815301076,1909f56bfc062723c751e8b465ee728b)
Start importing Assets/Models/SoutaNew/Material/M00_000_00_FaceMouth_00_FACE.mat using Guid(77d8c10f8f383e3409273a4795d4883d) Importer(815301076,1909f56bfc062723c751e8b465ee728b)  -> (artifact id: '8d7a125c9909e8f9e0fcc8736a6a256d') in 0.018080 seconds 
  Import took 0.051794 seconds .

========================================================================
Received Import Request.
  Time since last request: 0.000288 seconds.
  path: Assets/Models/Latifa V2 3D - Anime Style/Latifa V2 (Optimized FBX)@Sitting.fbx
  artifactKey: Guid(8363f0dabac4ea1499294e5cda8185b1) Importer(815301076,1909f56bfc062723c751e8b465ee728b)
Start importing Assets/Models/Latifa V2 3D - Anime Style/Latifa V2 (Optimized FBX)@Sitting.fbx using Guid(8363f0dabac4ea1499294e5cda8185b1) Importer(815301076,1909f56bfc062723c751e8b465ee728b)  -> (artifact id: 'a97ba4fe0488cd1688da58c77a85f2c0') in 0.994300 seconds 
  Import took 1.025444 seconds .

========================================================================
Received Import Request.
  Time since last request: 0.000238 seconds.
  path: Assets/Models/Megumi_HighSchoolStudent/Materials/FaceMouth.mat
  artifactKey: Guid(ab0fd2997e17228479e02753ce1c7a93) Importer(815301076,1909f56bfc062723c751e8b465ee728b)
Start importing Assets/Models/Megumi_HighSchoolStudent/Materials/FaceMouth.mat using Guid(ab0fd2997e17228479e02753ce1c7a93) Importer(815301076,1909f56bfc062723c751e8b465ee728b)  -> (artifact id: '8d6127dceec846aa91efb3ecd2f37eb1') in 0.031735 seconds 
  Import took 0.037749 seconds .

========================================================================
Received Import Request.
  Time since last request: 0.000307 seconds.
  path: Assets/Models/SoutaNew/Walking While Texting.fbx
  artifactKey: Guid(98abceaa125dbb94794c9e3e9c266476) Importer(815301076,1909f56bfc062723c751e8b465ee728b)
Start importing Assets/Models/SoutaNew/Walking While Texting.fbx using Guid(98abceaa125dbb94794c9e3e9c266476) Importer(815301076,1909f56bfc062723c751e8b465ee728b)  -> (artifact id: '31dcda056aeab27a369d37f6343dcad3') in 1.165019 seconds 
  Import took 1.206973 seconds .

========================================================================
Received Import Request.
  Time since last request: 0.000313 seconds.
  path: Assets/FungusExamples/Sherlock/Audio/GUI/MidVoice.wav
  artifactKey: Guid(1a1543b7873994f51911c9766dd6d83f) Importer(815301076,1909f56bfc062723c751e8b465ee728b)
Start importing Assets/FungusExamples/Sherlock/Audio/GUI/MidVoice.wav using Guid(1a1543b7873994f51911c9766dd6d83f) Importer(815301076,1909f56bfc062723c751e8b465ee728b)  -> (artifact id: 'abcaae1b7af50a9d6792451f07c24af0') in 0.096339 seconds 
  Import took 0.115942 seconds .

========================================================================
Received Import Request.
  Time since last request: 0.000661 seconds.
  path: Assets/Models/SoutaNew/Sitting Victory.fbx
  artifactKey: Guid(fd6cf2db1029d0748a6084bbd462c627) Importer(815301076,1909f56bfc062723c751e8b465ee728b)
Start importing Assets/Models/SoutaNew/Sitting Victory.fbx using Guid(fd6cf2db1029d0748a6084bbd462c627) Importer(815301076,1909f56bfc062723c751e8b465ee728b)  -> (artifact id: 'f0b3d4daf1e5a012dd6183900c40d7c2') in 0.611972 seconds 
  Import took 0.628030 seconds .

========================================================================
Received Import Request.
  Time since last request: 0.000215 seconds.
  path: Assets/Models/MagicMirror/Prefab/MirrorBorder.png
  artifactKey: Guid(dfe449fc75e695a44ad068b38fa7ac0a) Importer(815301076,1909f56bfc062723c751e8b465ee728b)
Start importing Assets/Models/MagicMirror/Prefab/MirrorBorder.png using Guid(dfe449fc75e695a44ad068b38fa7ac0a) Importer(815301076,1909f56bfc062723c751e8b465ee728b)  -> (artifact id: '6a12f28f6bd6cdd0f8bb2a3de637f9fa') in 0.020085 seconds 
  Import took 0.041453 seconds .

========================================================================
Received Import Request.
  Time since last request: 0.000447 seconds.
  path: Assets/Models/SoutaNew/Crouched To Standing (1).fbx
  artifactKey: Guid(7f5f5e72b8f0bfa4f9845b1fe52171d1) Importer(815301076,1909f56bfc062723c751e8b465ee728b)
Start importing Assets/Models/SoutaNew/Crouched To Standing (1).fbx using Guid(7f5f5e72b8f0bfa4f9845b1fe52171d1) Importer(815301076,1909f56bfc062723c751e8b465ee728b)  -> (artifact id: '083a044567feacb738721618152ba917') in 0.665812 seconds 
  Import took 0.691725 seconds .

========================================================================
Received Import Request.
  Time since last request: 0.000348 seconds.
  path: Assets/Models/SoutaNew/Crouched Walking (3).fbx
  artifactKey: Guid(189360d50f75e374bb717863f1db7863) Importer(815301076,1909f56bfc062723c751e8b465ee728b)
Start importing Assets/Models/SoutaNew/Crouched Walking (3).fbx using Guid(189360d50f75e374bb717863f1db7863) Importer(815301076,1909f56bfc062723c751e8b465ee728b)  -> (artifact id: '0927fcce46e4834a368f8ce7fbf51f14') in 0.871958 seconds 
  Import took 0.928097 seconds .

========================================================================
Received Import Request.
  Time since last request: 0.000328 seconds.
  path: Assets/Models/SoutaNew/Crouching Idle.fbx
  artifactKey: Guid(94bd7d4d596546f43b2018f38ae6eae1) Importer(815301076,1909f56bfc062723c751e8b465ee728b)
Start importing Assets/Models/SoutaNew/Crouching Idle.fbx using Guid(94bd7d4d596546f43b2018f38ae6eae1) Importer(815301076,1909f56bfc062723c751e8b465ee728b)  -> (artifact id: '2166de22fd92c5f219e1a9027b8882c1') in 0.643909 seconds 
  Import took 0.672250 seconds .

========================================================================
Received Import Request.
  Time since last request: 0.000270 seconds.
  path: Assets/Models/SoutaNew/Stand To Sit.fbx
  artifactKey: Guid(0c8dbe977fa513a46bafdd4f5a354f2d) Importer(815301076,1909f56bfc062723c751e8b465ee728b)
Start importing Assets/Models/SoutaNew/Stand To Sit.fbx using Guid(0c8dbe977fa513a46bafdd4f5a354f2d) Importer(815301076,1909f56bfc062723c751e8b465ee728b)  -> (artifact id: '47271b7c1678f3a48c2845bfca2f5438') in 0.712243 seconds 
  Import took 0.741785 seconds .

========================================================================
Received Import Request.
  Time since last request: 0.000248 seconds.
  path: Assets/Models/MagicMirror/Prefab/MirrorDetail.png
  artifactKey: Guid(eb4c03eb86b02bf4091b5ef5fb841e3d) Importer(815301076,1909f56bfc062723c751e8b465ee728b)
Start importing Assets/Models/MagicMirror/Prefab/MirrorDetail.png using Guid(eb4c03eb86b02bf4091b5ef5fb841e3d) Importer(815301076,1909f56bfc062723c751e8b465ee728b)  -> (artifact id: 'f44311633948d7bac4dfa030030ba865') in 0.019174 seconds 
  Import took 0.055552 seconds .

========================================================================
Received Import Request.
  Time since last request: 0.000221 seconds.
  path: Assets/Models/SoutaNew/Texture/M00_000_FaceMouth_00.png
  artifactKey: Guid(a85a4c228bf433a42a6082dd9b160f9e) Importer(815301076,1909f56bfc062723c751e8b465ee728b)
Start importing Assets/Models/SoutaNew/Texture/M00_000_FaceMouth_00.png using Guid(a85a4c228bf433a42a6082dd9b160f9e) Importer(815301076,1909f56bfc062723c751e8b465ee728b)  -> (artifact id: 'b3422b92825beecab9b7f12b75cdc25c') in 0.018631 seconds 
  Import took 0.027824 seconds .

========================================================================
Received Import Request.
  Time since last request: 0.001588 seconds.
  path: Assets/Models/Megumi_HighSchoolStudent/Prefabs/Megumi_HightSchoolStudent.prefab
  artifactKey: Guid(5febbef7ff24bbf498ec4aa2aaa99541) Importer(815301076,1909f56bfc062723c751e8b465ee728b)
Start importing Assets/Models/Megumi_HighSchoolStudent/Prefabs/Megumi_HightSchoolStudent.prefab using Guid(5febbef7ff24bbf498ec4aa2aaa99541) Importer(815301076,1909f56bfc062723c751e8b465ee728b)  -> (artifact id: '841660042a3c3f53b776107d7cfcc666') in 1.616491 seconds 
  Import took 1.648402 seconds .

========================================================================
Received Import Request.
  Time since last request: 0.000192 seconds.
  path: Assets/Models/Megumi_HighSchoolStudent/Megumi_HightSchoolStudent.fbx
  artifactKey: Guid(780d340bd8578d54f80ca5409d087ef6) Importer(815301076,1909f56bfc062723c751e8b465ee728b)
Start importing Assets/Models/Megumi_HighSchoolStudent/Megumi_HightSchoolStudent.fbx using Guid(780d340bd8578d54f80ca5409d087ef6) Importer(815301076,1909f56bfc062723c751e8b465ee728b)  -> (artifact id: 'c86985ff8bd7f5d471ac29e8d7ea039e') in 0.155223 seconds 
  Import took 0.172518 seconds .

========================================================================
Received Import Request.
  Time since last request: 0.000193 seconds.
  path: Assets/Models/SoutaNew/Standing To Crouched (1).fbx
  artifactKey: Guid(71381c2e565eebb47bc4d8c77443b7e4) Importer(815301076,1909f56bfc062723c751e8b465ee728b)
Start importing Assets/Models/SoutaNew/Standing To Crouched (1).fbx using Guid(71381c2e565eebb47bc4d8c77443b7e4) Importer(815301076,1909f56bfc062723c751e8b465ee728b)  -> (artifact id: 'c03893f34fd4ab290fae112e2a15a9ff') in 0.671165 seconds 
  Import took 0.720144 seconds .

========================================================================
Received Import Request.
  Time since last request: 0.000544 seconds.
  path: Assets/FungusExamples/TheHunter/Audio/Typing/JiminyC.wav
  artifactKey: Guid(124184555ec434aa68814be3bd116c26) Importer(815301076,1909f56bfc062723c751e8b465ee728b)
Start importing Assets/FungusExamples/TheHunter/Audio/Typing/JiminyC.wav using Guid(124184555ec434aa68814be3bd116c26) Importer(815301076,1909f56bfc062723c751e8b465ee728b)  -> (artifact id: 'b253c0aa3f5b40db9493b96643c2b4ee') in 0.100601 seconds 
  Import took 0.142752 seconds .

========================================================================
Received Import Request.
  Time since last request: 0.000507 seconds.
  path: Assets/Models/SoutaNew/Standing W_Briefcase Idle.fbx
  artifactKey: Guid(14f290ec15d857f4ca4b14cf1b74a2f7) Importer(815301076,1909f56bfc062723c751e8b465ee728b)
Start importing Assets/Models/SoutaNew/Standing W_Briefcase Idle.fbx using Guid(14f290ec15d857f4ca4b14cf1b74a2f7) Importer(815301076,1909f56bfc062723c751e8b465ee728b)  -> (artifact id: 'd2af7d3659cee5862b710b3b788c0ac0') in 0.702428 seconds 
  Import took 0.746569 seconds .

========================================================================
Received Import Request.
  Time since last request: 755.255138 seconds.
  path: Assets/Models/school/Prefabs/road
  artifactKey: Guid(3971f944cb563c44abff18954cc780c7) Importer(815301076,1909f56bfc062723c751e8b465ee728b)
Start importing Assets/Models/school/Prefabs/road using Guid(3971f944cb563c44abff18954cc780c7) Importer(815301076,1909f56bfc062723c751e8b465ee728b)  -> (artifact id: '48932889f3177b4a6962469a3a99d247') in 0.003522 seconds 
  Import took 0.028546 seconds .

========================================================================
Received Import Request.
  Time since last request: 0.071834 seconds.
  path: Assets/Models/school/Prefabs/road/doroga  krest.prefab
  artifactKey: Guid(bc6109ee673f0a244981c84f7b064a43) Importer(815301076,1909f56bfc062723c751e8b465ee728b)
Start importing Assets/Models/school/Prefabs/road/doroga  krest.prefab using Guid(bc6109ee673f0a244981c84f7b064a43) Importer(815301076,1909f56bfc062723c751e8b465ee728b)  -> (artifact id: '59cddb0b41a0bcae1565dbd239a5cbf1') in 0.123648 seconds 
  Import took 0.162280 seconds .

========================================================================
Received Import Request.
  Time since last request: 0.000250 seconds.
  path: Assets/Models/school/Prefabs/road/floor1.prefab
  artifactKey: Guid(be4105263a3576a4a9d8bb22a5f5ca29) Importer(815301076,1909f56bfc062723c751e8b465ee728b)
Start importing Assets/Models/school/Prefabs/road/floor1.prefab using Guid(be4105263a3576a4a9d8bb22a5f5ca29) Importer(815301076,1909f56bfc062723c751e8b465ee728b)  -> (artifact id: '27ca6dce59514dcf4951ca1562665347') in 0.056146 seconds 
  Import took 0.070982 seconds .

========================================================================
Received Import Request.
  Time since last request: 0.000233 seconds.
  path: Assets/Models/school/Prefabs/road/floor.prefab
  artifactKey: Guid(405988af1bd38ee4fb92e86058b6c926) Importer(815301076,1909f56bfc062723c751e8b465ee728b)
Start importing Assets/Models/school/Prefabs/road/floor.prefab using Guid(405988af1bd38ee4fb92e86058b6c926) Importer(815301076,1909f56bfc062723c751e8b465ee728b)  -> (artifact id: 'bcf2a2440b946a3821c1c6f6f0733fc7') in 0.063062 seconds 
  Import took 0.093781 seconds .

========================================================================
Received Import Request.
  Time since last request: 0.000295 seconds.
  path: Assets/Models/school/Prefabs/road/doroga.prefab
  artifactKey: Guid(5b97ca6353ad429419598d36d1a55e6d) Importer(815301076,1909f56bfc062723c751e8b465ee728b)
Start importing Assets/Models/school/Prefabs/road/doroga.prefab using Guid(5b97ca6353ad429419598d36d1a55e6d) Importer(815301076,1909f56bfc062723c751e8b465ee728b)  -> (artifact id: '1c90bc56ede7de69cb36a9ac61ee0c7b') in 0.033770 seconds 
  Import took 0.066127 seconds .

