Using pre-set license
Built from '2020.3/staging' branch; Version is '2020.3.20f1 (41c4e627c95f) revision 4310246'; Using compiler version '192528614'; Build Type 'Release'
OS: 'Windows 10 Pro; OS build 19042.928; Version 2009; 64bit' Language: 'ru' Physical Memory: 6030 MB
BatchMode: 1, IsHumanControllingUs: 0, StartBugReporterOnCrash: 0, Is64bit: 1, IsPro: 0

COMMAND LINE ARGUMENTS:
C:\Program Files\Unity 2020.3.20f1\Editor\Unity.exe
-adb2
-batchMode
-noUpm
-name
AssetImportWorker0
-projectPath
C:/Users/user/Documents/unity/NotYet/horror-game
-logFile
Logs/AssetImportWorker0.log
-srvPort
51439
Successfully changed project path to: C:/Users/user/Documents/unity/NotYet/horror-game
C:/Users/user/Documents/unity/NotYet/horror-game
Using Asset Import Pipeline V2.
Refreshing native plugins compatible for Editor in 161.31 ms, found 2 plugins.
Preloading 0 native plugins for Editor in 0.00 ms.
Initialize engine version: 2020.3.20f1 (41c4e627c95f)
[Subsystems] Discovering subsystems at path C:/Program Files/Unity 2020.3.20f1/Editor/Data/Resources/UnitySubsystems
[Subsystems] Discovering subsystems at path C:/Users/user/Documents/unity/NotYet/horror-game/Assets
GfxDevice: creating device client; threaded=0
Direct3D:
    Version:  Direct3D 11.0 [level 11.0]
    Renderer: NVIDIA GeForce GTX 950M (ID=0x139a)
    Vendor:   
    VRAM:     2007 MB
    Driver:   27.21.14.6647
Shader 'Custom/RainShader': fallback shader 'Particles/Alpha Blended' not found
Initialize mono
Mono path[0] = 'C:/Program Files/Unity 2020.3.20f1/Editor/Data/Managed'
Mono path[1] = 'C:/Program Files/Unity 2020.3.20f1/Editor/Data/MonoBleedingEdge/lib/mono/unityjit'
Mono config path = 'C:/Program Files/Unity 2020.3.20f1/Editor/Data/MonoBleedingEdge/etc'
Using monoOptions --debugger-agent=transport=dt_socket,embedding=1,server=y,suspend=n,address=127.0.0.1:56188
Begin MonoManager ReloadAssembly
Registering precompiled unity dll's ...
Register platform support module: C:/Program Files/Unity 2020.3.20f1/Editor/Data/PlaybackEngines/WindowsStandaloneSupport/UnityEditor.WindowsStandalone.Extensions.dll
Registered in 0.001526 seconds.
Native extension for WindowsStandalone target not found
Refreshing native plugins compatible for Editor in 139.53 ms, found 2 plugins.
Preloading 0 native plugins for Editor in 0.00 ms.
Mono: successfully reloaded assembly
- Completed reload, in  1.856 seconds
Domain Reload Profiling:
	ReloadAssembly (1856ms)
		BeginReloadAssembly (106ms)
			ExecutionOrderSort (0ms)
			DisableScriptedObjects (0ms)
			BackupInstance (0ms)
			ReleaseScriptingObjects (0ms)
			CreateAndSetChildDomain (1ms)
		EndReloadAssembly (818ms)
			LoadAssemblies (104ms)
			RebuildTransferFunctionScriptingTraits (0ms)
			SetupTypeCache (235ms)
			ReleaseScriptCaches (0ms)
			RebuildScriptCaches (63ms)
			SetupLoadedEditorAssemblies (389ms)
				LogAssemblyErrors (0ms)
				InitializePlatformSupportModulesInManaged (6ms)
				SetLoadedEditorAssemblies (0ms)
				RefreshPlugins (140ms)
				BeforeProcessingInitializeOnLoad (21ms)
				ProcessInitializeOnLoadAttributes (151ms)
				ProcessInitializeOnLoadMethodAttributes (70ms)
				AfterProcessingInitializeOnLoad (0ms)
				EditorAssembliesLoaded (0ms)
			ExecutionOrderSort2 (0ms)
			AwakeInstancesAfterBackupRestoration (0ms)
Platform modules already initialized, skipping
Registering precompiled user dll's ...
Registered in 0.002633 seconds.
Begin MonoManager ReloadAssembly
Native extension for WindowsStandalone target not found
Refreshing native plugins compatible for Editor in 149.69 ms, found 2 plugins.
Preloading 0 native plugins for Editor in 0.00 ms.
Mono: successfully reloaded assembly
- Completed reload, in  2.576 seconds
Domain Reload Profiling:
	ReloadAssembly (2578ms)
		BeginReloadAssembly (332ms)
			ExecutionOrderSort (0ms)
			DisableScriptedObjects (11ms)
			BackupInstance (0ms)
			ReleaseScriptingObjects (0ms)
			CreateAndSetChildDomain (50ms)
		EndReloadAssembly (2095ms)
			LoadAssemblies (200ms)
			RebuildTransferFunctionScriptingTraits (0ms)
			SetupTypeCache (468ms)
			ReleaseScriptCaches (1ms)
			RebuildScriptCaches (171ms)
			SetupLoadedEditorAssemblies (988ms)
				LogAssemblyErrors (0ms)
				InitializePlatformSupportModulesInManaged (7ms)
				SetLoadedEditorAssemblies (0ms)
				RefreshPlugins (150ms)
				BeforeProcessingInitializeOnLoad (128ms)
				ProcessInitializeOnLoadAttributes (676ms)
				ProcessInitializeOnLoadMethodAttributes (22ms)
				AfterProcessingInitializeOnLoad (5ms)
				EditorAssembliesLoaded (1ms)
			ExecutionOrderSort2 (0ms)
			AwakeInstancesAfterBackupRestoration (10ms)
Platform modules already initialized, skipping
========================================================================
Worker process is ready to serve import requests
Shader 'Custom/RainShader': fallback shader 'Particles/Alpha Blended' not found
Launched and connected shader compiler UnityShaderCompiler.exe after 0.16 seconds
Refreshing native plugins compatible for Editor in 1.11 ms, found 2 plugins.
Preloading 0 native plugins for Editor in 0.00 ms.
Unloading 2818 Unused Serialized files (Serialized files now loaded: 0)
System memory in use before: 200.1 MB.
System memory in use after: 200.3 MB.

Unloading 19 unused Assets to reduce memory usage. Loaded Objects now: 3260.
Total: 5.838200 ms (FindLiveObjects: 0.450600 ms CreateObjectMapping: 0.255900 ms MarkObjects: 5.009800 ms  DeleteObjects: 0.119900 ms)

AssetImportParameters requested are different than current active one (requested -> active):
  custom:framework-win-MediaFoundation: 216162199b28c13a410421893ffa2e32 -> 
  custom:video-decoder-ogg-theora: a1e56fd34408186e4bbccfd4996cb3dc -> 
  custom:container-muxer-webm: aa71ff27fc2769a1b78a27578f13a17b -> 
  custom:container-demuxer-webm: 4f35f7cbe854078d1ac9338744f61a02 -> 
  custom:container-demuxer-ogg: 62fdf1f143b41e24485cea50d1cbac27 -> 
  custom:video-encoder-webm-vp8: eb34c28f22e8b96e1ab97ce403110664 -> 
  custom:video-decoder-webm-vp8: 9c59270c3fd7afecdb556c50c9e8de78 -> 
  custom:audio-decoder-ogg-vorbis: bf7c407c2cedff20999df2af8eb42d56 -> 
  custom:audio-encoder-webm-vorbis: bf7c407c2cedff20999df2af8eb42d56 -> 
========================================================================
Received Import Request.
  path: Assets/Textures/New Render Texture.renderTexture
  artifactKey: Guid(a48b16d06712ad747896e72f10a0e539) Importer(815301076,1909f56bfc062723c751e8b465ee728b)
Start importing Assets/Textures/New Render Texture.renderTexture using Guid(a48b16d06712ad747896e72f10a0e539) Importer(815301076,1909f56bfc062723c751e8b465ee728b)  -> (artifact id: '57871e3274d226b78eea41a3bf2e5f71') in 0.173032 seconds 
  Import took 0.199412 seconds .

========================================================================
Received Prepare
Shader 'Custom/RainShader': fallback shader 'Particles/Alpha Blended' not found
Refreshing native plugins compatible for Editor in 4.13 ms, found 2 plugins.
Preloading 0 native plugins for Editor in 0.00 ms.
Unloading 9 Unused Serialized files (Serialized files now loaded: 0)
System memory in use before: 140.3 MB.
System memory in use after: 140.5 MB.

Unloading 9 unused Assets to reduce memory usage. Loaded Objects now: 3265.
Total: 6.934300 ms (FindLiveObjects: 0.364500 ms CreateObjectMapping: 0.292900 ms MarkObjects: 6.253300 ms  DeleteObjects: 0.022000 ms)

AssetImportParameters requested are different than current active one (requested -> active):
  custom:framework-win-MediaFoundation: 216162199b28c13a410421893ffa2e32 -> 
  custom:video-decoder-ogg-theora: a1e56fd34408186e4bbccfd4996cb3dc -> 
  custom:container-muxer-webm: aa71ff27fc2769a1b78a27578f13a17b -> 
  custom:container-demuxer-webm: 4f35f7cbe854078d1ac9338744f61a02 -> 
  custom:container-demuxer-ogg: 62fdf1f143b41e24485cea50d1cbac27 -> 
  custom:video-encoder-webm-vp8: eb34c28f22e8b96e1ab97ce403110664 -> 
  custom:video-decoder-webm-vp8: 9c59270c3fd7afecdb556c50c9e8de78 -> 
  custom:audio-decoder-ogg-vorbis: bf7c407c2cedff20999df2af8eb42d56 -> 
  custom:audio-encoder-webm-vorbis: bf7c407c2cedff20999df2af8eb42d56 -> 
========================================================================
Received Import Request.
  Time since last request: 205.200790 seconds.
  path: Assets/Scenes/test.unity
  artifactKey: Guid(9fc0d4010bbf28b4594072e72b8655ab) Importer(815301076,1909f56bfc062723c751e8b465ee728b)
Start importing Assets/Scenes/test.unity using Guid(9fc0d4010bbf28b4594072e72b8655ab) Importer(815301076,1909f56bfc062723c751e8b465ee728b)  -> (artifact id: '87172d3dcec6bcf23b48f51eebe27aed') in 0.014670 seconds 
  Import took 0.060594 seconds .

========================================================================
Received Import Request.
  Time since last request: 0.694862 seconds.
  path: Assets/Scenes/SampleScene.unity
  artifactKey: Guid(b0e201063ad974046a6b1898d2fd9ce1) Importer(815301076,1909f56bfc062723c751e8b465ee728b)
Start importing Assets/Scenes/SampleScene.unity using Guid(b0e201063ad974046a6b1898d2fd9ce1) Importer(815301076,1909f56bfc062723c751e8b465ee728b)  -> (artifact id: '7ad5210b629b1641e8b3a1125d5f5411') in 0.003772 seconds 
  Import took 0.013087 seconds .

========================================================================
Received Import Request.
  Time since last request: 139.829476 seconds.
  path: Assets/Textures/Original Wood Textures/Wood Texture 01/Wood 01.mat
  artifactKey: Guid(d9e6a8c3b79a0ac4d8e9776bb25bfa16) Importer(815301076,1909f56bfc062723c751e8b465ee728b)
Start importing Assets/Textures/Original Wood Textures/Wood Texture 01/Wood 01.mat using Guid(d9e6a8c3b79a0ac4d8e9776bb25bfa16) Importer(815301076,1909f56bfc062723c751e8b465ee728b)  -> (artifact id: 'c04697fca15169d16f6f566d544edc68') in 0.607038 seconds 
  Import took 0.621273 seconds .

========================================================================
Received Import Request.
  Time since last request: 0.000309 seconds.
  path: Assets/Textures/Original Wood Textures/Wood Texture 01/Wood Texture 01 diffuse.tga
  artifactKey: Guid(556156e47a9033342833685b5cc1cee3) Importer(815301076,1909f56bfc062723c751e8b465ee728b)
Start importing Assets/Textures/Original Wood Textures/Wood Texture 01/Wood Texture 01 diffuse.tga using Guid(556156e47a9033342833685b5cc1cee3) Importer(815301076,1909f56bfc062723c751e8b465ee728b)  -> (artifact id: 'c322da13576293456cdca0ec52243f55') in 0.210006 seconds 
  Import took 0.234979 seconds .

========================================================================
Received Import Request.
  Time since last request: 0.000246 seconds.
  path: Assets/Textures/Original Wood Textures/Wood Texture 01/Wood Texture 01 normal.tga
  artifactKey: Guid(396ef6a70ab84ea4b85fa6bd0765c548) Importer(815301076,1909f56bfc062723c751e8b465ee728b)
Start importing Assets/Textures/Original Wood Textures/Wood Texture 01/Wood Texture 01 normal.tga using Guid(396ef6a70ab84ea4b85fa6bd0765c548) Importer(815301076,1909f56bfc062723c751e8b465ee728b)  -> (artifact id: '66a9ffd1570106391c3fee0756dd3bf4') in 0.025699 seconds 
  Import took 0.051628 seconds .

========================================================================
Received Import Request.
  Time since last request: 312.944136 seconds.
  path: Assets
  artifactKey: Guid(00000000000000001000000000000000) Importer(815301076,1909f56bfc062723c751e8b465ee728b)
Start importing Assets using Guid(00000000000000001000000000000000) Importer(815301076,1909f56bfc062723c751e8b465ee728b)  -> (artifact id: '42d402b061de3733987d63b9cc3b64de') in 0.002759 seconds 
  Import took 0.012146 seconds .

========================================================================
Received Import Request.
  Time since last request: 1.365718 seconds.
  path: Assets/Materials
  artifactKey: Guid(1cea6d604124b5945882c6d364f0d62b) Importer(815301076,1909f56bfc062723c751e8b465ee728b)
Start importing Assets/Materials using Guid(1cea6d604124b5945882c6d364f0d62b) Importer(815301076,1909f56bfc062723c751e8b465ee728b)  -> (artifact id: '899c0df36c717ca246bdae8f5239e8f3') in 0.004265 seconds 
  Import took 0.011956 seconds .

========================================================================
Received Import Request.
  Time since last request: 0.045564 seconds.
  path: Assets/Materials/New Render Texture.mat
  artifactKey: Guid(572bea7a3e752c9479102a9aa51a9736) Importer(815301076,1909f56bfc062723c751e8b465ee728b)
Start importing Assets/Materials/New Render Texture.mat using Guid(572bea7a3e752c9479102a9aa51a9736) Importer(815301076,1909f56bfc062723c751e8b465ee728b)  -> (artifact id: 'fa464e9d7041ad1c5a7e34c9c3255c94') in 0.047552 seconds 
  Import took 0.055109 seconds .

========================================================================
Received Import Request.
  Time since last request: 0.000206 seconds.
  path: Assets/Materials/t.mat
  artifactKey: Guid(255df2868b9aad84cbf63930077e7852) Importer(815301076,1909f56bfc062723c751e8b465ee728b)
Start importing Assets/Materials/t.mat using Guid(255df2868b9aad84cbf63930077e7852) Importer(815301076,1909f56bfc062723c751e8b465ee728b)  -> (artifact id: 'c6b7349cd1f7ce210d4a2c78a56df550') in 0.025837 seconds 
  Import took 0.052404 seconds .

========================================================================
Received Import Request.
  Time since last request: 12.158332 seconds.
  path: Assets/Textures
  artifactKey: Guid(32a99bb5ae6e04243b57b46373e0ca37) Importer(815301076,1909f56bfc062723c751e8b465ee728b)
Start importing Assets/Textures using Guid(32a99bb5ae6e04243b57b46373e0ca37) Importer(815301076,1909f56bfc062723c751e8b465ee728b)  -> (artifact id: '0d2f27844d995caf0343dd00f60775a3') in 0.003444 seconds 
  Import took 0.069587 seconds .

========================================================================
Received Import Request.
  Time since last request: 1.432958 seconds.
  path: Assets/Textures/Original Wood Textures
  artifactKey: Guid(c9a655972766dda44ac44f5dbb303b92) Importer(815301076,1909f56bfc062723c751e8b465ee728b)
Start importing Assets/Textures/Original Wood Textures using Guid(c9a655972766dda44ac44f5dbb303b92) Importer(815301076,1909f56bfc062723c751e8b465ee728b)  -> (artifact id: '0c978d4b07a392947d92d210bd113e79') in 0.002662 seconds 
  Import took 0.061780 seconds .

========================================================================
Received Import Request.
  Time since last request: 1.640748 seconds.
  path: Assets/Textures/Original Wood Textures/Wood Texture 01
  artifactKey: Guid(d81fa0d58f7b50c4ea49b9482034a552) Importer(815301076,1909f56bfc062723c751e8b465ee728b)
Start importing Assets/Textures/Original Wood Textures/Wood Texture 01 using Guid(d81fa0d58f7b50c4ea49b9482034a552) Importer(815301076,1909f56bfc062723c751e8b465ee728b)  -> (artifact id: '93e2a449337b2946fbb6c436532728e6') in 0.043478 seconds 
  Import took 0.065097 seconds .

========================================================================
Received Import Request.
  Time since last request: 15.741817 seconds.
  path: Assets/Textures/Original Wood Textures/Wood Texture 01/Wood Texture 01 diffuse.tga
  artifactKey: Guid(556156e47a9033342833685b5cc1cee3) Importer(815301076,1909f56bfc062723c751e8b465ee728b)
Start importing Assets/Textures/Original Wood Textures/Wood Texture 01/Wood Texture 01 diffuse.tga using Guid(556156e47a9033342833685b5cc1cee3) Importer(815301076,1909f56bfc062723c751e8b465ee728b)  -> (artifact id: '7092c7b47826a1315961148a76dcc604') in 0.012283 seconds 
  Import took 0.020712 seconds .

========================================================================
Received Import Request.
  Time since last request: 82.819965 seconds.
  path: Assets/Scenes/1.unity
  artifactKey: Guid(a1c55fe1c2265704c9a878662cbff7f5) Importer(815301076,1909f56bfc062723c751e8b465ee728b)
Start importing Assets/Scenes/1.unity using Guid(a1c55fe1c2265704c9a878662cbff7f5) Importer(815301076,1909f56bfc062723c751e8b465ee728b)  -> (artifact id: '0fce239992f5ad9165669279e2db0f55') in 0.003122 seconds 
  Import took 0.099520 seconds .

========================================================================
Received Prepare
Registering precompiled user dll's ...
Registered in 0.017716 seconds.
Begin MonoManager ReloadAssembly
Native extension for WindowsStandalone target not found
Refreshing native plugins compatible for Editor in 0.84 ms, found 2 plugins.
Preloading 0 native plugins for Editor in 0.00 ms.
Mono: successfully reloaded assembly
- Completed reload, in  1.577 seconds
Domain Reload Profiling:
	ReloadAssembly (1578ms)
		BeginReloadAssembly (130ms)
			ExecutionOrderSort (0ms)
			DisableScriptedObjects (5ms)
			BackupInstance (0ms)
			ReleaseScriptingObjects (0ms)
			CreateAndSetChildDomain (42ms)
		EndReloadAssembly (1376ms)
			LoadAssemblies (209ms)
			RebuildTransferFunctionScriptingTraits (0ms)
			SetupTypeCache (475ms)
			ReleaseScriptCaches (1ms)
			RebuildScriptCaches (65ms)
			SetupLoadedEditorAssemblies (470ms)
				LogAssemblyErrors (0ms)
				InitializePlatformSupportModulesInManaged (5ms)
				SetLoadedEditorAssemblies (1ms)
				RefreshPlugins (1ms)
				BeforeProcessingInitializeOnLoad (66ms)
				ProcessInitializeOnLoadAttributes (384ms)
				ProcessInitializeOnLoadMethodAttributes (8ms)
				AfterProcessingInitializeOnLoad (4ms)
				EditorAssembliesLoaded (0ms)
			ExecutionOrderSort2 (0ms)
			AwakeInstancesAfterBackupRestoration (8ms)
Platform modules already initialized, skipping
Shader 'Custom/RainShader': fallback shader 'Particles/Alpha Blended' not found
Refreshing native plugins compatible for Editor in 1.34 ms, found 2 plugins.
Preloading 0 native plugins for Editor in 0.00 ms.
Unloading 2722 Unused Serialized files (Serialized files now loaded: 0)
System memory in use before: 194.6 MB.
System memory in use after: 194.8 MB.

Unloading 12 unused Assets to reduce memory usage. Loaded Objects now: 3308.
Total: 5.298300 ms (FindLiveObjects: 0.409900 ms CreateObjectMapping: 0.217600 ms MarkObjects: 4.637400 ms  DeleteObjects: 0.031200 ms)

AssetImportParameters requested are different than current active one (requested -> active):
  custom:framework-win-MediaFoundation: 216162199b28c13a410421893ffa2e32 -> 
  custom:video-decoder-ogg-theora: a1e56fd34408186e4bbccfd4996cb3dc -> 
  custom:container-muxer-webm: aa71ff27fc2769a1b78a27578f13a17b -> 
  custom:container-demuxer-webm: 4f35f7cbe854078d1ac9338744f61a02 -> 
  custom:container-demuxer-ogg: 62fdf1f143b41e24485cea50d1cbac27 -> 
  custom:video-encoder-webm-vp8: eb34c28f22e8b96e1ab97ce403110664 -> 
  custom:video-decoder-webm-vp8: 9c59270c3fd7afecdb556c50c9e8de78 -> 
  custom:audio-decoder-ogg-vorbis: bf7c407c2cedff20999df2af8eb42d56 -> 
  custom:audio-encoder-webm-vorbis: bf7c407c2cedff20999df2af8eb42d56 -> 
========================================================================
Received Prepare
Registering precompiled user dll's ...
Registered in 0.002928 seconds.
Begin MonoManager ReloadAssembly
Native extension for WindowsStandalone target not found
Refreshing native plugins compatible for Editor in 1.09 ms, found 2 plugins.
Preloading 0 native plugins for Editor in 0.00 ms.
Mono: successfully reloaded assembly
- Completed reload, in  1.895 seconds
Domain Reload Profiling:
	ReloadAssembly (1895ms)
		BeginReloadAssembly (450ms)
			ExecutionOrderSort (0ms)
			DisableScriptedObjects (5ms)
			BackupInstance (0ms)
			ReleaseScriptingObjects (0ms)
			CreateAndSetChildDomain (41ms)
		EndReloadAssembly (1376ms)
			LoadAssemblies (420ms)
			RebuildTransferFunctionScriptingTraits (0ms)
			SetupTypeCache (500ms)
			ReleaseScriptCaches (1ms)
			RebuildScriptCaches (62ms)
			SetupLoadedEditorAssemblies (551ms)
				LogAssemblyErrors (0ms)
				InitializePlatformSupportModulesInManaged (7ms)
				SetLoadedEditorAssemblies (1ms)
				RefreshPlugins (1ms)
				BeforeProcessingInitializeOnLoad (55ms)
				ProcessInitializeOnLoadAttributes (473ms)
				ProcessInitializeOnLoadMethodAttributes (9ms)
				AfterProcessingInitializeOnLoad (4ms)
				EditorAssembliesLoaded (0ms)
			ExecutionOrderSort2 (0ms)
			AwakeInstancesAfterBackupRestoration (8ms)
Platform modules already initialized, skipping
Shader 'Custom/RainShader': fallback shader 'Particles/Alpha Blended' not found
Refreshing native plugins compatible for Editor in 0.85 ms, found 2 plugins.
Preloading 0 native plugins for Editor in 0.00 ms.
Unloading 2722 Unused Serialized files (Serialized files now loaded: 0)
System memory in use before: 194.6 MB.
System memory in use after: 194.9 MB.

Unloading 12 unused Assets to reduce memory usage. Loaded Objects now: 3310.
Total: 3.632500 ms (FindLiveObjects: 0.328500 ms CreateObjectMapping: 0.199100 ms MarkObjects: 3.054800 ms  DeleteObjects: 0.048300 ms)

AssetImportParameters requested are different than current active one (requested -> active):
  custom:framework-win-MediaFoundation: 216162199b28c13a410421893ffa2e32 -> 
  custom:video-decoder-ogg-theora: a1e56fd34408186e4bbccfd4996cb3dc -> 
  custom:container-muxer-webm: aa71ff27fc2769a1b78a27578f13a17b -> 
  custom:container-demuxer-webm: 4f35f7cbe854078d1ac9338744f61a02 -> 
  custom:container-demuxer-ogg: 62fdf1f143b41e24485cea50d1cbac27 -> 
  custom:video-encoder-webm-vp8: eb34c28f22e8b96e1ab97ce403110664 -> 
  custom:video-decoder-webm-vp8: 9c59270c3fd7afecdb556c50c9e8de78 -> 
  custom:audio-decoder-ogg-vorbis: bf7c407c2cedff20999df2af8eb42d56 -> 
  custom:audio-encoder-webm-vorbis: bf7c407c2cedff20999df2af8eb42d56 -> 
AssetImportWorkerClient::OnTransportError - code=2 error=End of file
